<?xml version="1.0" encoding="UTF-8"?>
<testsuites name="Amazon_TestSuite_ValidateItemInStock-OutStock(Script)_007" time="50.507" tests="1" failures="0" errors="0">
   <testsuite name="Amazon_TestSuite_ValidateItemInStock-OutStock(Script)_007" tests="1" failures="0" errors="0" time="50.507" skipped="0" timestamp="02-02-2024T21:41:49" hostname="Sameena Shaik - LAPTOP-GSKQBBMU" id="Test Suites/Amazon_TestSuite/Amazon_TestSuite_ValidateItemInStock-OutStock(Script)_007">
      <properties>
         <property name="deviceName" value=""/>
         <property name="devicePlatform" value=""/>
         <property name="logFolder" value="C:\\Users\\Sameena Shaik\\git\\Katalon-Automation-Testing-SB-Project\\Reports\\20240202_214143\\Amazon_TestSuite\\Amazon_TestSuite_ValidateItemInStock-OutStock(Script)_007\\20240202_214143"/>
         <property name="logFiles" value="C:\\Users\\Sameena Shaik\\git\\Katalon-Automation-Testing-SB-Project\\Reports\\20240202_214143\\Amazon_TestSuite\\Amazon_TestSuite_ValidateItemInStock-OutStock(Script)_007\\20240202_214143\\execution0.log"/>
         <property name="attachments" value=""/>
         <property name="hostName" value="Sameena Shaik - LAPTOP-GSKQBBMU"/>
         <property name="os" value="Windows 11 64bit"/>
         <property name="katalonVersion" value="9.2.0.212"/>
         <property name="browser" value="Chrome 121.0.0.0"/>
         <property name="hostAddress" value="192.168.1.8"/>
         <property name="sessionId" value="3bc3ff47c8612c6c8ab67c8bb5c9d119"/>
         <property name="seleniumVersion" value="3.141.59"/>
         <property name="proxyInformation" value="ProxyInformation { proxyOption=NO_PROXY, proxyServerType=HTTP, username=, password=********, proxyServerAddress=, proxyServerPort=0, executionList=&quot;&quot;, isApplyToDesiredCapabilities=true }"/>
         <property name="platform" value="Windows 11"/>
      </properties>
      <testcase name="Test Cases/Recording_Modes/TC_Amazon_ValidateItemInStock-OutStock(Script)_007" time="47.764" classname="Test Cases/Recording_Modes/TC_Amazon_ValidateItemInStock-OutStock(Script)_007" status="PASSED">
         <system-out><![CDATA[02-02-2024T21:41:51 - [TEST_CASE][PASSED] - Test Cases/Recording_Modes/TC_Amazon_ValidateItemInStock-OutStock(Script)_007: Test Cases/Recording_Modes/TC_Amazon_ValidateItemInStock-OutStock(Script)_007

02-02-2024T21:41:52 - [TEST_STEP][PASSED] - Start listener action : sampleBeforeTestCase: Current window maximized

02-02-2024T21:41:52 - [TEST_STEP][PASSED] - navigateToUrl(URL): Navigate to 'https://www.amazon.com/' successfully

02-02-2024T21:41:53 - [MESSAGE][PASSED] - Navigate to 'https://www.amazon.com/' successfully

02-02-2024T21:41:53 - [TEST_STEP][PASSED] - maximizeWindow(): Current window maximized

02-02-2024T21:41:53 - [MESSAGE][PASSED] - Current window maximized

02-02-2024T21:41:53 - [TEST_STEP][PASSED] - setText(findTestObject("Object Repository/AmazonPages/Amazon_ValidateItemInStock-OutStock(Script)_OR/Page_Amazon.com. Spend less. Smile more/input_field-keywords"), item): Text 'samsung galaxy a54 5g phone' is set on object 'Object Repository/AmazonPages/Amazon_ValidateItemInStock-OutStock(Script)_OR/Page_Amazon.com. Spend less. Smile more/input_field-keywords'

02-02-2024T21:42:03 - [MESSAGE][PASSED] - Text 'samsung galaxy a54 5g phone' is set on object 'Object Repository/AmazonPages/Amazon_ValidateItemInStock-OutStock(Script)_OR/Page_Amazon.com. Spend less. Smile more/input_field-keywords'

02-02-2024T21:42:03 - [TEST_STEP][PASSED] - click(findTestObject("Object Repository/AmazonPages/Amazon_ValidateItemInStock-OutStock(Script)_OR/Page_Amazon.com. Spend less. Smile more/inputnav-search-submit-button")): Object: 'Object Repository/AmazonPages/Amazon_ValidateItemInStock-OutStock(Script)_OR/Page_Amazon.com. Spend less. Smile more/inputnav-search-submit-button' is clicked on

02-02-2024T21:42:10 - [MESSAGE][PASSED] - Object: 'Object Repository/AmazonPages/Amazon_ValidateItemInStock-OutStock(Script)_OR/Page_Amazon.com. Spend less. Smile more/inputnav-search-submit-button' is clicked on

02-02-2024T21:42:10 - [TEST_STEP][PASSED] - click(findTestObject("Object Repository/AmazonPages/Amazon_ValidateItemInStock-OutStock(Script)_OR/Page_Amazon.com  samsung galaxy a54 5g phone/span_SAMSUNG Galaxy A54 5G A Series Cell Ph_6b2531")): Object: 'Object Repository/AmazonPages/Amazon_ValidateItemInStock-OutStock(Script)_OR/Page_Amazon.com  samsung galaxy a54 5g phone/span_SAMSUNG Galaxy A54 5G A Series Cell Ph_6b2531' is clicked on

02-02-2024T21:42:21 - [MESSAGE][PASSED] - Object: 'Object Repository/AmazonPages/Amazon_ValidateItemInStock-OutStock(Script)_OR/Page_Amazon.com  samsung galaxy a54 5g phone/span_SAMSUNG Galaxy A54 5G A Series Cell Ph_6b2531' is clicked on

02-02-2024T21:42:21 - [TEST_STEP][PASSED] - verifyElementPresent(findTestObject("Object Repository/AmazonPages/Amazon_ValidateItemInStock-OutStock(Script)_OR/Page_Amazon.com SAMSUNG Galaxy A54 5G A Ser_1bc85d/span_In Stock"), 0): Object 'Object Repository/AmazonPages/Amazon_ValidateItemInStock-OutStock(Script)_OR/Page_Amazon.com SAMSUNG Galaxy A54 5G A Ser_1bc85d/span_In Stock' is present

02-02-2024T21:42:21 - [MESSAGE][WARNING] - Timeout '0' is invalid. Using default page load timeout: '30'

02-02-2024T21:42:39 - [MESSAGE][PASSED] - Object 'Object Repository/AmazonPages/Amazon_ValidateItemInStock-OutStock(Script)_OR/Page_Amazon.com SAMSUNG Galaxy A54 5G A Ser_1bc85d/span_In Stock' is present]]></system-out>
         <system-err><![CDATA[]]></system-err>
      </testcase>
      <system-out><![CDATA[02-02-2024T21:41:49 - [TEST_SUITE][PASSED] - Amazon_TestSuite_ValidateItemInStock-OutStock(Script)_007: Test Cases/Recording_Modes/TC_Amazon_ValidateItemInStock-OutStock(Script)_007]]></system-out>
      <system-err><![CDATA[]]></system-err>
   </testsuite>
</testsuites>
