<?xml version="1.0" encoding="UTF-8"?>
<testsuites name="Amazon_TestSuite_ValidateCategoryDropdownListElement_004" time="16.913" tests="1" failures="0" errors="0">
   <testsuite name="Amazon_TestSuite_ValidateCategoryDropdownListElement_004" tests="1" failures="0" errors="0" time="16.913" skipped="0" timestamp="02-02-2024T12:48:58" hostname="Sameena Shaik - LAPTOP-GSKQBBMU" id="Test Suites/Amazon_TestSuite/Amazon_TestSuite_ValidateCategoryDropdownListElement_004">
      <properties>
         <property name="deviceName" value=""/>
         <property name="devicePlatform" value=""/>
         <property name="logFolder" value="C:\\Users\\Sameena Shaik\\git\\Katalon-Automation-Testing-SB-Project\\Reports\\20240202_124846\\Amazon_TestSuite\\Amazon_TestSuite_ValidateCategoryDropdownListElement_004\\20240202_124846"/>
         <property name="logFiles" value="C:\\Users\\Sameena Shaik\\git\\Katalon-Automation-Testing-SB-Project\\Reports\\20240202_124846\\Amazon_TestSuite\\Amazon_TestSuite_ValidateCategoryDropdownListElement_004\\20240202_124846\\execution0.log"/>
         <property name="attachments" value=""/>
         <property name="hostName" value="Sameena Shaik - LAPTOP-GSKQBBMU"/>
         <property name="os" value="Windows 11 64bit"/>
         <property name="katalonVersion" value="9.2.0.212"/>
         <property name="browser" value="Chrome 121.0.0.0"/>
         <property name="hostAddress" value="192.168.1.8"/>
         <property name="sessionId" value="41d5a3ad82ee98ccec98c45e7e2186a9"/>
         <property name="seleniumVersion" value="3.141.59"/>
         <property name="proxyInformation" value="ProxyInformation { proxyOption=NO_PROXY, proxyServerType=HTTP, username=, password=********, proxyServerAddress=, proxyServerPort=0, executionList=&quot;&quot;, isApplyToDesiredCapabilities=true }"/>
         <property name="platform" value="Windows 11"/>
      </properties>
      <testcase name="Test Cases/Builtin_and_Custom_Keywords/TC_Amazon_ValidateCategoryDropdownListElement_004" time="14.006" classname="Test Cases/Builtin_and_Custom_Keywords/TC_Amazon_ValidateCategoryDropdownListElement_004" status="PASSED">
         <system-out><![CDATA[02-02-2024T12:49:00 - [TEST_CASE][PASSED] - Test Cases/Builtin_and_Custom_Keywords/TC_Amazon_ValidateCategoryDropdownListElement_004: Test Cases/Builtin_and_Custom_Keywords/TC_Amazon_ValidateCategoryDropdownListElement_004

02-02-2024T12:49:00 - [TEST_STEP][PASSED] - Start listener action : sampleBeforeTestCase: Current window maximized

02-02-2024T12:49:00 - [TEST_STEP][PASSED] - navigateToUrl(URL): Navigate to 'https://www.amazon.com/' successfully

02-02-2024T12:49:02 - [MESSAGE][PASSED] - Navigate to 'https://www.amazon.com/' successfully

02-02-2024T12:49:02 - [TEST_STEP][PASSED] - maximizeWindow(): Current window maximized

02-02-2024T12:49:02 - [MESSAGE][PASSED] - Current window maximized

02-02-2024T12:49:02 - [TEST_STEP][PASSED] - selectOptionByLabel(findTestObject("Object Repository/AmazonPages/Amazon_ValidateCategoryDropdownListElement_OR/Page_Amazon.com. Spend less. Smile more/select_All Departments        Arts  Crafts _135c92"), "Electronics", true): All options with label 'Electronics' are selected in object 'Object Repository/AmazonPages/Amazon_ValidateCategoryDropdownListElement_OR/Page_Amazon.com. Spend less. Smile more/select_All Departments        Arts  Crafts _135c92'  using regular expression

02-02-2024T12:49:12 - [MESSAGE][PASSED] - All options with label 'Electronics' are selected in object 'Object Repository/AmazonPages/Amazon_ValidateCategoryDropdownListElement_OR/Page_Amazon.com. Spend less. Smile more/select_All Departments        Arts  Crafts _135c92'  using regular expression

02-02-2024T12:49:12 - [TEST_STEP][PASSED] - com.qa.test.customFunctions.CheckDropDownListElementExist(findTestObject("AmazonPages/Amazon_ValidateCategoryDropdownListElement_OR/Page_Amazon.com. Spend less. Smile more/select_All Departments        Arts  Crafts _135c92"), "Electronics"): com.qa.test.customFunctions.CheckDropDownListElementExist is PASSED

02-02-2024T12:49:14 - [MESSAGE][PASSED] - com.qa.test.customFunctions.CheckDropDownListElementExist is PASSED]]></system-out>
         <system-err><![CDATA[]]></system-err>
      </testcase>
      <system-out><![CDATA[02-02-2024T12:48:58 - [TEST_SUITE][PASSED] - Amazon_TestSuite_ValidateCategoryDropdownListElement_004: Test Cases/Builtin_and_Custom_Keywords/TC_Amazon_ValidateCategoryDropdownListElement_004]]></system-out>
      <system-err><![CDATA[]]></system-err>
   </testsuite>
</testsuites>
