<?xml version="1.0" encoding="UTF-8"?>
<testsuites name="Amazon_TestSuiteCollection_ValidateSearchFieldItem_003" time="110.945" tests="6" failures="0" errors="0">
   <testsuite name="Amazon_TestSuite_ValidateSearchFieldItem_003" tests="3" failures="0" errors="0" time="101.585" skipped="0" timestamp="07-02-2024T16:08:57" hostname="Sameena Shaik - LAPTOP-GSKQBBMU" id="Test Suites/Amazon_TestSuite/Amazon_TestSuite_ValidateSearchFieldItem_003">
      <properties>
         <property name="deviceName" value=""/>
         <property name="devicePlatform" value=""/>
         <property name="logFolder" value="C:\\Users\\Sameena Shaik\\git\\Katalon-Automation-Testing-SB-Project\\Reports\\20240207_160843\\Amazon_TestSuite\\Amazon_TestSuite_ValidateSearchFieldItem_003\\20240207_160844"/>
         <property name="logFiles" value="C:\\Users\\Sameena Shaik\\git\\Katalon-Automation-Testing-SB-Project\\Reports\\20240207_160843\\Amazon_TestSuite\\Amazon_TestSuite_ValidateSearchFieldItem_003\\20240207_160844\\execution0.log"/>
         <property name="attachments" value=""/>
         <property name="hostName" value="Sameena Shaik - LAPTOP-GSKQBBMU"/>
         <property name="os" value="Windows 11 64bit"/>
         <property name="katalonVersion" value="9.2.0.212"/>
         <property name="browser" value="Chrome 121.0.0.0"/>
         <property name="hostAddress" value="192.168.1.8"/>
         <property name="sessionId" value="754e8b08ebe65e993bc32557407ea4b0"/>
         <property name="seleniumVersion" value="3.141.59"/>
         <property name="proxyInformation" value="ProxyInformation { proxyOption=NO_PROXY, proxyServerType=HTTP, username=, password=********, proxyServerAddress=, proxyServerPort=0, executionList=&quot;&quot;, isApplyToDesiredCapabilities=true }"/>
         <property name="platform" value="Windows 11"/>
      </properties>
      <testcase name="Test Cases/Data_Driven_Testing/TC_Amazon_ValidateSearchFieldItem_003" time="42.71" classname="Test Cases/Data_Driven_Testing/TC_Amazon_ValidateSearchFieldItem_003" status="PASSED">
         <system-out><![CDATA[07-02-2024T16:09:02 - [TEST_CASE][PASSED] - Test Cases/Data_Driven_Testing/TC_Amazon_ValidateSearchFieldItem_003: Test Cases/Data_Driven_Testing/TC_Amazon_ValidateSearchFieldItem_003

07-02-2024T16:09:02 - [TEST_STEP][PASSED] - Start listener action : sampleBeforeTestCase: Object: 'Object Repository/AmazonPages/Amazon_ValidateAddtoCart(Record)_OR/Page_Amazon Sign-In/inputsignInSubmit' is clicked on

07-02-2024T16:09:02 - [TEST_STEP][PASSED] - navigateToUrl(URL): Navigate to 'https://www.amazon.com/' successfully

07-02-2024T16:09:03 - [MESSAGE][PASSED] - Navigate to 'https://www.amazon.com/' successfully

07-02-2024T16:09:03 - [TEST_STEP][PASSED] - maximizeWindow(): Current window maximized

07-02-2024T16:09:05 - [MESSAGE][PASSED] - Current window maximized

07-02-2024T16:09:05 - [TEST_STEP][PASSED] - click(findTestObject("Object Repository/AmazonPages/Amazon_ValidateAddtoCart(Record)_OR/Page_Amazon.com. Spend less. Smile more/span_Hello, sign in")): Object: 'Object Repository/AmazonPages/Amazon_ValidateAddtoCart(Record)_OR/Page_Amazon.com. Spend less. Smile more/span_Hello, sign in' is clicked on

07-02-2024T16:09:15 - [MESSAGE][PASSED] - Object: 'Object Repository/AmazonPages/Amazon_ValidateAddtoCart(Record)_OR/Page_Amazon.com. Spend less. Smile more/span_Hello, sign in' is clicked on

07-02-2024T16:09:15 - [TEST_STEP][PASSED] - setText(findTestObject("Object Repository/AmazonPages/Amazon_ValidateAddtoCart(Record)_OR/Page_Amazon Sign-In/input_email"), "8688410244"): Text '8688410244' is set on object 'Object Repository/AmazonPages/Amazon_ValidateAddtoCart(Record)_OR/Page_Amazon Sign-In/input_email'

07-02-2024T16:09:17 - [MESSAGE][PASSED] - Text '8688410244' is set on object 'Object Repository/AmazonPages/Amazon_ValidateAddtoCart(Record)_OR/Page_Amazon Sign-In/input_email'

07-02-2024T16:09:17 - [TEST_STEP][PASSED] - click(findTestObject("Object Repository/AmazonPages/Amazon_ValidateAddtoCart(Record)_OR/Page_Amazon Sign-In/inputcontinue")): Object: 'Object Repository/AmazonPages/Amazon_ValidateAddtoCart(Record)_OR/Page_Amazon Sign-In/inputcontinue' is clicked on

07-02-2024T16:09:22 - [MESSAGE][PASSED] - Object: 'Object Repository/AmazonPages/Amazon_ValidateAddtoCart(Record)_OR/Page_Amazon Sign-In/inputcontinue' is clicked on

07-02-2024T16:09:22 - [TEST_STEP][PASSED] - setEncryptedText(findTestObject("Object Repository/AmazonPages/Amazon_ValidateAddtoCart(Record)_OR/Page_Amazon Sign-In/input_password"), "trwX9ClwwJzqcxxckJfIhw=="): Text ****** has been set on object 'Object Repository/AmazonPages/Amazon_ValidateAddtoCart(Record)_OR/Page_Amazon Sign-In/input_password'

07-02-2024T16:09:22 - [MESSAGE][PASSED] - Text ****** has been set on object 'Object Repository/AmazonPages/Amazon_ValidateAddtoCart(Record)_OR/Page_Amazon Sign-In/input_password'

07-02-2024T16:09:22 - [TEST_STEP][PASSED] - click(findTestObject("Object Repository/AmazonPages/Amazon_ValidateAddtoCart(Record)_OR/Page_Amazon Sign-In/inputsignInSubmit")): Object: 'Object Repository/AmazonPages/Amazon_ValidateAddtoCart(Record)_OR/Page_Amazon Sign-In/inputsignInSubmit' is clicked on

07-02-2024T16:09:23 - [MESSAGE][PASSED] - Object: 'Object Repository/AmazonPages/Amazon_ValidateAddtoCart(Record)_OR/Page_Amazon Sign-In/inputsignInSubmit' is clicked on

07-02-2024T16:09:23 - [TEST_STEP][PASSED] - selectOptionByLabel(findTestObject("Object Repository/AmazonPages/Amazon_ValidateSearchFieldItem_OR/Page_Amazon.com. Spend less. Smile more/select_All Departments        Arts  Crafts _135c92"), category, true): All options with label 'Books' are selected in object 'Object Repository/AmazonPages/Amazon_ValidateSearchFieldItem_OR/Page_Amazon.com. Spend less. Smile more/select_All Departments        Arts  Crafts _135c92'  using regular expression

07-02-2024T16:09:31 - [MESSAGE][PASSED] - All options with label 'Books' are selected in object 'Object Repository/AmazonPages/Amazon_ValidateSearchFieldItem_OR/Page_Amazon.com. Spend less. Smile more/select_All Departments        Arts  Crafts _135c92'  using regular expression

07-02-2024T16:09:31 - [TEST_STEP][PASSED] - setText(findTestObject("Object Repository/AmazonPages/Amazon_ValidateSearchFieldItem_OR/Page_Amazon.com. Spend less. Smile more/input_field-keywords"), item): Text 'Da vinci code' is set on object 'Object Repository/AmazonPages/Amazon_ValidateSearchFieldItem_OR/Page_Amazon.com. Spend less. Smile more/input_field-keywords'

07-02-2024T16:09:32 - [MESSAGE][PASSED] - Text 'Da vinci code' is set on object 'Object Repository/AmazonPages/Amazon_ValidateSearchFieldItem_OR/Page_Amazon.com. Spend less. Smile more/input_field-keywords'

07-02-2024T16:09:32 - [TEST_STEP][PASSED] - click(findTestObject("Object Repository/AmazonPages/Amazon_ValidateSearchFieldItem_OR/Page_Amazon.com. Spend less. Smile more/inputnav-search-submit-button")): Object: 'Object Repository/AmazonPages/Amazon_ValidateSearchFieldItem_OR/Page_Amazon.com. Spend less. Smile more/inputnav-search-submit-button' is clicked on

07-02-2024T16:09:38 - [MESSAGE][PASSED] - Object: 'Object Repository/AmazonPages/Amazon_ValidateSearchFieldItem_OR/Page_Amazon.com. Spend less. Smile more/inputnav-search-submit-button' is clicked on

07-02-2024T16:09:38 - [TEST_STEP][PASSED] - verifyElementPresent(findTestObject("Object Repository/AmazonPages/Amazon_ValidateSearchFieldItem_OR/Page_Amazon.com  Da vinci code/span_Da vinci code"), 0): Object 'Object Repository/AmazonPages/Amazon_ValidateSearchFieldItem_OR/Page_Amazon.com  Da vinci code/span_Da vinci code' is present

07-02-2024T16:09:38 - [MESSAGE][WARNING] - Timeout '0' is invalid. Using default page load timeout: '30'

07-02-2024T16:09:39 - [MESSAGE][PASSED] - Object 'Object Repository/AmazonPages/Amazon_ValidateSearchFieldItem_OR/Page_Amazon.com  Da vinci code/span_Da vinci code' is present

07-02-2024T16:09:39 - [TEST_STEP][PASSED] - Start listener action : sampleAfterTestCase: Object: 'Object Repository/AmazonPages/Amazon_ValidateAddtoCart(Record)_OR/Page_Amazon.com Shopping Cart/a_Sign Out' is clicked on

07-02-2024T16:09:39 - [TEST_STEP][PASSED] - click(findTestObject("Object Repository/AmazonPages/Amazon_ValidateAddtoCart(Record)_OR/Page_Amazon.com Shopping Cart/a_All")): Object: 'Object Repository/AmazonPages/Amazon_ValidateAddtoCart(Record)_OR/Page_Amazon.com Shopping Cart/a_All' is clicked on

07-02-2024T16:09:39 - [MESSAGE][PASSED] - Object: 'Object Repository/AmazonPages/Amazon_ValidateAddtoCart(Record)_OR/Page_Amazon.com Shopping Cart/a_All' is clicked on

07-02-2024T16:09:39 - [TEST_STEP][PASSED] - click(findTestObject("Object Repository/AmazonPages/Amazon_ValidateAddtoCart(Record)_OR/Page_Amazon.com Shopping Cart/a_Sign Out")): Object: 'Object Repository/AmazonPages/Amazon_ValidateAddtoCart(Record)_OR/Page_Amazon.com Shopping Cart/a_Sign Out' is clicked on

07-02-2024T16:09:44 - [MESSAGE][PASSED] - Object: 'Object Repository/AmazonPages/Amazon_ValidateAddtoCart(Record)_OR/Page_Amazon.com Shopping Cart/a_Sign Out' is clicked on]]></system-out>
         <system-err><![CDATA[]]></system-err>
      </testcase>
      <testcase name="Test Cases/Data_Driven_Testing/TC_Amazon_ValidateSearchFieldItem_003" time="25.194" classname="Test Cases/Data_Driven_Testing/TC_Amazon_ValidateSearchFieldItem_003" status="PASSED">
         <system-out><![CDATA[07-02-2024T16:09:44 - [TEST_CASE][PASSED] - Test Cases/Data_Driven_Testing/TC_Amazon_ValidateSearchFieldItem_003: Test Cases/Data_Driven_Testing/TC_Amazon_ValidateSearchFieldItem_003

07-02-2024T16:09:44 - [TEST_STEP][PASSED] - Start listener action : sampleBeforeTestCase: Object: 'Object Repository/AmazonPages/Amazon_ValidateAddtoCart(Record)_OR/Page_Amazon Sign-In/inputsignInSubmit' is clicked on

07-02-2024T16:09:44 - [TEST_STEP][PASSED] - navigateToUrl(URL): Navigate to 'https://www.amazon.com/' successfully

07-02-2024T16:09:46 - [MESSAGE][PASSED] - Navigate to 'https://www.amazon.com/' successfully

07-02-2024T16:09:46 - [TEST_STEP][PASSED] - maximizeWindow(): Current window maximized

07-02-2024T16:09:46 - [MESSAGE][PASSED] - Current window maximized

07-02-2024T16:09:46 - [TEST_STEP][PASSED] - click(findTestObject("Object Repository/AmazonPages/Amazon_ValidateAddtoCart(Record)_OR/Page_Amazon.com. Spend less. Smile more/span_Hello, sign in")): Object: 'Object Repository/AmazonPages/Amazon_ValidateAddtoCart(Record)_OR/Page_Amazon.com. Spend less. Smile more/span_Hello, sign in' is clicked on

07-02-2024T16:09:48 - [MESSAGE][PASSED] - Object: 'Object Repository/AmazonPages/Amazon_ValidateAddtoCart(Record)_OR/Page_Amazon.com. Spend less. Smile more/span_Hello, sign in' is clicked on

07-02-2024T16:09:48 - [TEST_STEP][PASSED] - setText(findTestObject("Object Repository/AmazonPages/Amazon_ValidateAddtoCart(Record)_OR/Page_Amazon Sign-In/input_email"), "8688410244"): Text '8688410244' is set on object 'Object Repository/AmazonPages/Amazon_ValidateAddtoCart(Record)_OR/Page_Amazon Sign-In/input_email'

07-02-2024T16:09:49 - [MESSAGE][PASSED] - Text '8688410244' is set on object 'Object Repository/AmazonPages/Amazon_ValidateAddtoCart(Record)_OR/Page_Amazon Sign-In/input_email'

07-02-2024T16:09:49 - [TEST_STEP][PASSED] - click(findTestObject("Object Repository/AmazonPages/Amazon_ValidateAddtoCart(Record)_OR/Page_Amazon Sign-In/inputcontinue")): Object: 'Object Repository/AmazonPages/Amazon_ValidateAddtoCart(Record)_OR/Page_Amazon Sign-In/inputcontinue' is clicked on

07-02-2024T16:09:52 - [MESSAGE][PASSED] - Object: 'Object Repository/AmazonPages/Amazon_ValidateAddtoCart(Record)_OR/Page_Amazon Sign-In/inputcontinue' is clicked on

07-02-2024T16:09:52 - [TEST_STEP][PASSED] - setEncryptedText(findTestObject("Object Repository/AmazonPages/Amazon_ValidateAddtoCart(Record)_OR/Page_Amazon Sign-In/input_password"), "trwX9ClwwJzqcxxckJfIhw=="): Text ****** has been set on object 'Object Repository/AmazonPages/Amazon_ValidateAddtoCart(Record)_OR/Page_Amazon Sign-In/input_password'

07-02-2024T16:09:53 - [MESSAGE][PASSED] - Text ****** has been set on object 'Object Repository/AmazonPages/Amazon_ValidateAddtoCart(Record)_OR/Page_Amazon Sign-In/input_password'

07-02-2024T16:09:53 - [TEST_STEP][PASSED] - click(findTestObject("Object Repository/AmazonPages/Amazon_ValidateAddtoCart(Record)_OR/Page_Amazon Sign-In/inputsignInSubmit")): Object: 'Object Repository/AmazonPages/Amazon_ValidateAddtoCart(Record)_OR/Page_Amazon Sign-In/inputsignInSubmit' is clicked on

07-02-2024T16:09:53 - [MESSAGE][PASSED] - Object: 'Object Repository/AmazonPages/Amazon_ValidateAddtoCart(Record)_OR/Page_Amazon Sign-In/inputsignInSubmit' is clicked on

07-02-2024T16:09:53 - [TEST_STEP][PASSED] - selectOptionByLabel(findTestObject("Object Repository/AmazonPages/Amazon_ValidateSearchFieldItem_OR/Page_Amazon.com. Spend less. Smile more/select_All Departments        Arts  Crafts _135c92"), category, true): All options with label 'Electronics' are selected in object 'Object Repository/AmazonPages/Amazon_ValidateSearchFieldItem_OR/Page_Amazon.com. Spend less. Smile more/select_All Departments        Arts  Crafts _135c92'  using regular expression

07-02-2024T16:09:59 - [MESSAGE][PASSED] - All options with label 'Electronics' are selected in object 'Object Repository/AmazonPages/Amazon_ValidateSearchFieldItem_OR/Page_Amazon.com. Spend less. Smile more/select_All Departments        Arts  Crafts _135c92'  using regular expression

07-02-2024T16:09:59 - [TEST_STEP][PASSED] - setText(findTestObject("Object Repository/AmazonPages/Amazon_ValidateSearchFieldItem_OR/Page_Amazon.com. Spend less. Smile more/input_field-keywords"), item): Text 'Mobile phones' is set on object 'Object Repository/AmazonPages/Amazon_ValidateSearchFieldItem_OR/Page_Amazon.com. Spend less. Smile more/input_field-keywords'

07-02-2024T16:10:00 - [MESSAGE][PASSED] - Text 'Mobile phones' is set on object 'Object Repository/AmazonPages/Amazon_ValidateSearchFieldItem_OR/Page_Amazon.com. Spend less. Smile more/input_field-keywords'

07-02-2024T16:10:00 - [TEST_STEP][PASSED] - click(findTestObject("Object Repository/AmazonPages/Amazon_ValidateSearchFieldItem_OR/Page_Amazon.com. Spend less. Smile more/inputnav-search-submit-button")): Object: 'Object Repository/AmazonPages/Amazon_ValidateSearchFieldItem_OR/Page_Amazon.com. Spend less. Smile more/inputnav-search-submit-button' is clicked on

07-02-2024T16:10:04 - [MESSAGE][PASSED] - Object: 'Object Repository/AmazonPages/Amazon_ValidateSearchFieldItem_OR/Page_Amazon.com. Spend less. Smile more/inputnav-search-submit-button' is clicked on

07-02-2024T16:10:04 - [TEST_STEP][PASSED] - verifyElementPresent(findTestObject("Object Repository/AmazonPages/Amazon_ValidateSearchFieldItem_OR/Page_Amazon.com  Da vinci code/span_Da vinci code"), 0): Object 'Object Repository/AmazonPages/Amazon_ValidateSearchFieldItem_OR/Page_Amazon.com  Da vinci code/span_Da vinci code' is present

07-02-2024T16:10:04 - [MESSAGE][WARNING] - Timeout '0' is invalid. Using default page load timeout: '30'

07-02-2024T16:10:05 - [MESSAGE][PASSED] - Object 'Object Repository/AmazonPages/Amazon_ValidateSearchFieldItem_OR/Page_Amazon.com  Da vinci code/span_Da vinci code' is present

07-02-2024T16:10:05 - [TEST_STEP][PASSED] - Start listener action : sampleAfterTestCase: Object: 'Object Repository/AmazonPages/Amazon_ValidateAddtoCart(Record)_OR/Page_Amazon.com Shopping Cart/a_Sign Out' is clicked on

07-02-2024T16:10:05 - [TEST_STEP][PASSED] - click(findTestObject("Object Repository/AmazonPages/Amazon_ValidateAddtoCart(Record)_OR/Page_Amazon.com Shopping Cart/a_All")): Object: 'Object Repository/AmazonPages/Amazon_ValidateAddtoCart(Record)_OR/Page_Amazon.com Shopping Cart/a_All' is clicked on

07-02-2024T16:10:05 - [MESSAGE][PASSED] - Object: 'Object Repository/AmazonPages/Amazon_ValidateAddtoCart(Record)_OR/Page_Amazon.com Shopping Cart/a_All' is clicked on

07-02-2024T16:10:05 - [TEST_STEP][PASSED] - click(findTestObject("Object Repository/AmazonPages/Amazon_ValidateAddtoCart(Record)_OR/Page_Amazon.com Shopping Cart/a_Sign Out")): Object: 'Object Repository/AmazonPages/Amazon_ValidateAddtoCart(Record)_OR/Page_Amazon.com Shopping Cart/a_Sign Out' is clicked on

07-02-2024T16:10:09 - [MESSAGE][PASSED] - Object: 'Object Repository/AmazonPages/Amazon_ValidateAddtoCart(Record)_OR/Page_Amazon.com Shopping Cart/a_Sign Out' is clicked on]]></system-out>
         <system-err><![CDATA[]]></system-err>
      </testcase>
      <testcase name="Test Cases/Data_Driven_Testing/TC_Amazon_ValidateSearchFieldItem_003" time="29.224" classname="Test Cases/Data_Driven_Testing/TC_Amazon_ValidateSearchFieldItem_003" status="PASSED">
         <system-out><![CDATA[07-02-2024T16:10:10 - [TEST_CASE][PASSED] - Test Cases/Data_Driven_Testing/TC_Amazon_ValidateSearchFieldItem_003: Test Cases/Data_Driven_Testing/TC_Amazon_ValidateSearchFieldItem_003

07-02-2024T16:10:10 - [TEST_STEP][PASSED] - Start listener action : sampleBeforeTestCase: Object: 'Object Repository/AmazonPages/Amazon_ValidateAddtoCart(Record)_OR/Page_Amazon Sign-In/inputsignInSubmit' is clicked on

07-02-2024T16:10:10 - [TEST_STEP][PASSED] - navigateToUrl(URL): Navigate to 'https://www.amazon.com/' successfully

07-02-2024T16:10:11 - [MESSAGE][PASSED] - Navigate to 'https://www.amazon.com/' successfully

07-02-2024T16:10:11 - [TEST_STEP][PASSED] - maximizeWindow(): Current window maximized

07-02-2024T16:10:11 - [MESSAGE][PASSED] - Current window maximized

07-02-2024T16:10:11 - [TEST_STEP][PASSED] - click(findTestObject("Object Repository/AmazonPages/Amazon_ValidateAddtoCart(Record)_OR/Page_Amazon.com. Spend less. Smile more/span_Hello, sign in")): Object: 'Object Repository/AmazonPages/Amazon_ValidateAddtoCart(Record)_OR/Page_Amazon.com. Spend less. Smile more/span_Hello, sign in' is clicked on

07-02-2024T16:10:13 - [MESSAGE][PASSED] - Object: 'Object Repository/AmazonPages/Amazon_ValidateAddtoCart(Record)_OR/Page_Amazon.com. Spend less. Smile more/span_Hello, sign in' is clicked on

07-02-2024T16:10:13 - [TEST_STEP][PASSED] - setText(findTestObject("Object Repository/AmazonPages/Amazon_ValidateAddtoCart(Record)_OR/Page_Amazon Sign-In/input_email"), "8688410244"): Text '8688410244' is set on object 'Object Repository/AmazonPages/Amazon_ValidateAddtoCart(Record)_OR/Page_Amazon Sign-In/input_email'

07-02-2024T16:10:15 - [MESSAGE][PASSED] - Text '8688410244' is set on object 'Object Repository/AmazonPages/Amazon_ValidateAddtoCart(Record)_OR/Page_Amazon Sign-In/input_email'

07-02-2024T16:10:15 - [TEST_STEP][PASSED] - click(findTestObject("Object Repository/AmazonPages/Amazon_ValidateAddtoCart(Record)_OR/Page_Amazon Sign-In/inputcontinue")): Object: 'Object Repository/AmazonPages/Amazon_ValidateAddtoCart(Record)_OR/Page_Amazon Sign-In/inputcontinue' is clicked on

07-02-2024T16:10:18 - [MESSAGE][PASSED] - Object: 'Object Repository/AmazonPages/Amazon_ValidateAddtoCart(Record)_OR/Page_Amazon Sign-In/inputcontinue' is clicked on

07-02-2024T16:10:18 - [TEST_STEP][PASSED] - setEncryptedText(findTestObject("Object Repository/AmazonPages/Amazon_ValidateAddtoCart(Record)_OR/Page_Amazon Sign-In/input_password"), "trwX9ClwwJzqcxxckJfIhw=="): Text ****** has been set on object 'Object Repository/AmazonPages/Amazon_ValidateAddtoCart(Record)_OR/Page_Amazon Sign-In/input_password'

07-02-2024T16:10:19 - [MESSAGE][PASSED] - Text ****** has been set on object 'Object Repository/AmazonPages/Amazon_ValidateAddtoCart(Record)_OR/Page_Amazon Sign-In/input_password'

07-02-2024T16:10:19 - [TEST_STEP][PASSED] - click(findTestObject("Object Repository/AmazonPages/Amazon_ValidateAddtoCart(Record)_OR/Page_Amazon Sign-In/inputsignInSubmit")): Object: 'Object Repository/AmazonPages/Amazon_ValidateAddtoCart(Record)_OR/Page_Amazon Sign-In/inputsignInSubmit' is clicked on

07-02-2024T16:10:19 - [MESSAGE][PASSED] - Object: 'Object Repository/AmazonPages/Amazon_ValidateAddtoCart(Record)_OR/Page_Amazon Sign-In/inputsignInSubmit' is clicked on

07-02-2024T16:10:19 - [TEST_STEP][PASSED] - selectOptionByLabel(findTestObject("Object Repository/AmazonPages/Amazon_ValidateSearchFieldItem_OR/Page_Amazon.com. Spend less. Smile more/select_All Departments        Arts  Crafts _135c92"), category, true): All options with label 'Home & Kitchen' are selected in object 'Object Repository/AmazonPages/Amazon_ValidateSearchFieldItem_OR/Page_Amazon.com. Spend less. Smile more/select_All Departments        Arts  Crafts _135c92'  using regular expression

07-02-2024T16:10:25 - [MESSAGE][PASSED] - All options with label 'Home & Kitchen' are selected in object 'Object Repository/AmazonPages/Amazon_ValidateSearchFieldItem_OR/Page_Amazon.com. Spend less. Smile more/select_All Departments        Arts  Crafts _135c92'  using regular expression

07-02-2024T16:10:25 - [TEST_STEP][PASSED] - setText(findTestObject("Object Repository/AmazonPages/Amazon_ValidateSearchFieldItem_OR/Page_Amazon.com. Spend less. Smile more/input_field-keywords"), item): Text 'Wooden tables' is set on object 'Object Repository/AmazonPages/Amazon_ValidateSearchFieldItem_OR/Page_Amazon.com. Spend less. Smile more/input_field-keywords'

07-02-2024T16:10:29 - [MESSAGE][PASSED] - Text 'Wooden tables' is set on object 'Object Repository/AmazonPages/Amazon_ValidateSearchFieldItem_OR/Page_Amazon.com. Spend less. Smile more/input_field-keywords'

07-02-2024T16:10:29 - [TEST_STEP][PASSED] - click(findTestObject("Object Repository/AmazonPages/Amazon_ValidateSearchFieldItem_OR/Page_Amazon.com. Spend less. Smile more/inputnav-search-submit-button")): Object: 'Object Repository/AmazonPages/Amazon_ValidateSearchFieldItem_OR/Page_Amazon.com. Spend less. Smile more/inputnav-search-submit-button' is clicked on

07-02-2024T16:10:34 - [MESSAGE][PASSED] - Object: 'Object Repository/AmazonPages/Amazon_ValidateSearchFieldItem_OR/Page_Amazon.com. Spend less. Smile more/inputnav-search-submit-button' is clicked on

07-02-2024T16:10:34 - [TEST_STEP][PASSED] - verifyElementPresent(findTestObject("Object Repository/AmazonPages/Amazon_ValidateSearchFieldItem_OR/Page_Amazon.com  Da vinci code/span_Da vinci code"), 0): Object 'Object Repository/AmazonPages/Amazon_ValidateSearchFieldItem_OR/Page_Amazon.com  Da vinci code/span_Da vinci code' is present

07-02-2024T16:10:34 - [MESSAGE][WARNING] - Timeout '0' is invalid. Using default page load timeout: '30'

07-02-2024T16:10:35 - [MESSAGE][PASSED] - Object 'Object Repository/AmazonPages/Amazon_ValidateSearchFieldItem_OR/Page_Amazon.com  Da vinci code/span_Da vinci code' is present

07-02-2024T16:10:35 - [TEST_STEP][PASSED] - Start listener action : sampleAfterTestCase: Object: 'Object Repository/AmazonPages/Amazon_ValidateAddtoCart(Record)_OR/Page_Amazon.com Shopping Cart/a_Sign Out' is clicked on

07-02-2024T16:10:35 - [TEST_STEP][PASSED] - click(findTestObject("Object Repository/AmazonPages/Amazon_ValidateAddtoCart(Record)_OR/Page_Amazon.com Shopping Cart/a_All")): Object: 'Object Repository/AmazonPages/Amazon_ValidateAddtoCart(Record)_OR/Page_Amazon.com Shopping Cart/a_All' is clicked on

07-02-2024T16:10:35 - [MESSAGE][PASSED] - Object: 'Object Repository/AmazonPages/Amazon_ValidateAddtoCart(Record)_OR/Page_Amazon.com Shopping Cart/a_All' is clicked on

07-02-2024T16:10:35 - [TEST_STEP][PASSED] - click(findTestObject("Object Repository/AmazonPages/Amazon_ValidateAddtoCart(Record)_OR/Page_Amazon.com Shopping Cart/a_Sign Out")): Object: 'Object Repository/AmazonPages/Amazon_ValidateAddtoCart(Record)_OR/Page_Amazon.com Shopping Cart/a_Sign Out' is clicked on

07-02-2024T16:10:39 - [MESSAGE][PASSED] - Object: 'Object Repository/AmazonPages/Amazon_ValidateAddtoCart(Record)_OR/Page_Amazon.com Shopping Cart/a_Sign Out' is clicked on]]></system-out>
         <system-err><![CDATA[]]></system-err>
      </testcase>
      <system-out><![CDATA[07-02-2024T16:08:57 - [TEST_SUITE][PASSED] - Amazon_TestSuite_ValidateSearchFieldItem_003: Test Cases/Data_Driven_Testing/TC_Amazon_ValidateSearchFieldItem_003]]></system-out>
      <system-err><![CDATA[]]></system-err>
   </testsuite>
   <testsuite name="Amazon_TestSuite_ValidateSearchFieldItem_003" tests="3" failures="0" errors="0" time="96.885" skipped="0" timestamp="07-02-2024T16:08:57" hostname="Sameena Shaik - LAPTOP-GSKQBBMU" id="Test Suites/Amazon_TestSuite/Amazon_TestSuite_ValidateSearchFieldItem_003">
      <properties>
         <property name="deviceName" value=""/>
         <property name="devicePlatform" value=""/>
         <property name="logFolder" value="C:\\Users\\Sameena Shaik\\git\\Katalon-Automation-Testing-SB-Project\\Reports\\20240207_160843\\Amazon_TestSuite\\Amazon_TestSuite_ValidateSearchFieldItem_003\\20240207_160846"/>
         <property name="logFiles" value="C:\\Users\\Sameena Shaik\\git\\Katalon-Automation-Testing-SB-Project\\Reports\\20240207_160843\\Amazon_TestSuite\\Amazon_TestSuite_ValidateSearchFieldItem_003\\20240207_160846\\execution0.log"/>
         <property name="attachments" value=""/>
         <property name="hostName" value="Sameena Shaik - LAPTOP-GSKQBBMU"/>
         <property name="os" value="Windows 11 64bit"/>
         <property name="katalonVersion" value="9.2.0.212"/>
         <property name="browser" value="Edge Chromium 121"/>
         <property name="hostAddress" value="192.168.1.8"/>
         <property name="sessionId" value="c1899ae8684615ade54e95ea3935654f"/>
         <property name="seleniumVersion" value="3.141.59"/>
         <property name="proxyInformation" value="ProxyInformation { proxyOption=NO_PROXY, proxyServerType=HTTP, username=, password=********, proxyServerAddress=, proxyServerPort=0, executionList=&quot;&quot;, isApplyToDesiredCapabilities=true }"/>
         <property name="platform" value="Windows 11"/>
      </properties>
      <testcase name="Test Cases/Data_Driven_Testing/TC_Amazon_ValidateSearchFieldItem_003" time="35.056" classname="Test Cases/Data_Driven_Testing/TC_Amazon_ValidateSearchFieldItem_003" status="PASSED">
         <system-out><![CDATA[07-02-2024T16:09:02 - [TEST_CASE][PASSED] - Test Cases/Data_Driven_Testing/TC_Amazon_ValidateSearchFieldItem_003: Test Cases/Data_Driven_Testing/TC_Amazon_ValidateSearchFieldItem_003

07-02-2024T16:09:02 - [TEST_STEP][PASSED] - Start listener action : sampleBeforeTestCase: Object: 'Object Repository/AmazonPages/Amazon_ValidateAddtoCart(Record)_OR/Page_Amazon Sign-In/inputsignInSubmit' is clicked on

07-02-2024T16:09:02 - [TEST_STEP][PASSED] - navigateToUrl(URL): Navigate to 'https://www.amazon.com/' successfully

07-02-2024T16:09:05 - [MESSAGE][PASSED] - Navigate to 'https://www.amazon.com/' successfully

07-02-2024T16:09:05 - [TEST_STEP][PASSED] - maximizeWindow(): Current window maximized

07-02-2024T16:09:06 - [MESSAGE][PASSED] - Current window maximized

07-02-2024T16:09:06 - [TEST_STEP][PASSED] - click(findTestObject("Object Repository/AmazonPages/Amazon_ValidateAddtoCart(Record)_OR/Page_Amazon.com. Spend less. Smile more/span_Hello, sign in")): Object: 'Object Repository/AmazonPages/Amazon_ValidateAddtoCart(Record)_OR/Page_Amazon.com. Spend less. Smile more/span_Hello, sign in' is clicked on

07-02-2024T16:09:09 - [MESSAGE][PASSED] - Object: 'Object Repository/AmazonPages/Amazon_ValidateAddtoCart(Record)_OR/Page_Amazon.com. Spend less. Smile more/span_Hello, sign in' is clicked on

07-02-2024T16:09:09 - [TEST_STEP][PASSED] - setText(findTestObject("Object Repository/AmazonPages/Amazon_ValidateAddtoCart(Record)_OR/Page_Amazon Sign-In/input_email"), "8688410244"): Text '8688410244' is set on object 'Object Repository/AmazonPages/Amazon_ValidateAddtoCart(Record)_OR/Page_Amazon Sign-In/input_email'

07-02-2024T16:09:11 - [MESSAGE][PASSED] - Text '8688410244' is set on object 'Object Repository/AmazonPages/Amazon_ValidateAddtoCart(Record)_OR/Page_Amazon Sign-In/input_email'

07-02-2024T16:09:11 - [TEST_STEP][PASSED] - click(findTestObject("Object Repository/AmazonPages/Amazon_ValidateAddtoCart(Record)_OR/Page_Amazon Sign-In/inputcontinue")): Object: 'Object Repository/AmazonPages/Amazon_ValidateAddtoCart(Record)_OR/Page_Amazon Sign-In/inputcontinue' is clicked on

07-02-2024T16:09:14 - [MESSAGE][PASSED] - Object: 'Object Repository/AmazonPages/Amazon_ValidateAddtoCart(Record)_OR/Page_Amazon Sign-In/inputcontinue' is clicked on

07-02-2024T16:09:14 - [TEST_STEP][PASSED] - setEncryptedText(findTestObject("Object Repository/AmazonPages/Amazon_ValidateAddtoCart(Record)_OR/Page_Amazon Sign-In/input_password"), "trwX9ClwwJzqcxxckJfIhw=="): Text ****** has been set on object 'Object Repository/AmazonPages/Amazon_ValidateAddtoCart(Record)_OR/Page_Amazon Sign-In/input_password'

07-02-2024T16:09:15 - [MESSAGE][PASSED] - Text ****** has been set on object 'Object Repository/AmazonPages/Amazon_ValidateAddtoCart(Record)_OR/Page_Amazon Sign-In/input_password'

07-02-2024T16:09:15 - [TEST_STEP][PASSED] - click(findTestObject("Object Repository/AmazonPages/Amazon_ValidateAddtoCart(Record)_OR/Page_Amazon Sign-In/inputsignInSubmit")): Object: 'Object Repository/AmazonPages/Amazon_ValidateAddtoCart(Record)_OR/Page_Amazon Sign-In/inputsignInSubmit' is clicked on

07-02-2024T16:09:16 - [MESSAGE][PASSED] - Object: 'Object Repository/AmazonPages/Amazon_ValidateAddtoCart(Record)_OR/Page_Amazon Sign-In/inputsignInSubmit' is clicked on

07-02-2024T16:09:16 - [TEST_STEP][PASSED] - selectOptionByLabel(findTestObject("Object Repository/AmazonPages/Amazon_ValidateSearchFieldItem_OR/Page_Amazon.com. Spend less. Smile more/select_All Departments        Arts  Crafts _135c92"), category, true): All options with label 'Books' are selected in object 'Object Repository/AmazonPages/Amazon_ValidateSearchFieldItem_OR/Page_Amazon.com. Spend less. Smile more/select_All Departments        Arts  Crafts _135c92'  using regular expression

07-02-2024T16:09:25 - [MESSAGE][PASSED] - All options with label 'Books' are selected in object 'Object Repository/AmazonPages/Amazon_ValidateSearchFieldItem_OR/Page_Amazon.com. Spend less. Smile more/select_All Departments        Arts  Crafts _135c92'  using regular expression

07-02-2024T16:09:25 - [TEST_STEP][PASSED] - setText(findTestObject("Object Repository/AmazonPages/Amazon_ValidateSearchFieldItem_OR/Page_Amazon.com. Spend less. Smile more/input_field-keywords"), item): Text 'Da vinci code' is set on object 'Object Repository/AmazonPages/Amazon_ValidateSearchFieldItem_OR/Page_Amazon.com. Spend less. Smile more/input_field-keywords'

07-02-2024T16:09:26 - [MESSAGE][PASSED] - Text 'Da vinci code' is set on object 'Object Repository/AmazonPages/Amazon_ValidateSearchFieldItem_OR/Page_Amazon.com. Spend less. Smile more/input_field-keywords'

07-02-2024T16:09:26 - [TEST_STEP][PASSED] - click(findTestObject("Object Repository/AmazonPages/Amazon_ValidateSearchFieldItem_OR/Page_Amazon.com. Spend less. Smile more/inputnav-search-submit-button")): Object: 'Object Repository/AmazonPages/Amazon_ValidateSearchFieldItem_OR/Page_Amazon.com. Spend less. Smile more/inputnav-search-submit-button' is clicked on

07-02-2024T16:09:31 - [MESSAGE][PASSED] - Object: 'Object Repository/AmazonPages/Amazon_ValidateSearchFieldItem_OR/Page_Amazon.com. Spend less. Smile more/inputnav-search-submit-button' is clicked on

07-02-2024T16:09:31 - [TEST_STEP][PASSED] - verifyElementPresent(findTestObject("Object Repository/AmazonPages/Amazon_ValidateSearchFieldItem_OR/Page_Amazon.com  Da vinci code/span_Da vinci code"), 0): Object 'Object Repository/AmazonPages/Amazon_ValidateSearchFieldItem_OR/Page_Amazon.com  Da vinci code/span_Da vinci code' is present

07-02-2024T16:09:32 - [MESSAGE][WARNING] - Timeout '0' is invalid. Using default page load timeout: '30'

07-02-2024T16:09:33 - [MESSAGE][PASSED] - Object 'Object Repository/AmazonPages/Amazon_ValidateSearchFieldItem_OR/Page_Amazon.com  Da vinci code/span_Da vinci code' is present

07-02-2024T16:09:33 - [TEST_STEP][PASSED] - Start listener action : sampleAfterTestCase: Object: 'Object Repository/AmazonPages/Amazon_ValidateAddtoCart(Record)_OR/Page_Amazon.com Shopping Cart/a_Sign Out' is clicked on

07-02-2024T16:09:33 - [TEST_STEP][PASSED] - click(findTestObject("Object Repository/AmazonPages/Amazon_ValidateAddtoCart(Record)_OR/Page_Amazon.com Shopping Cart/a_All")): Object: 'Object Repository/AmazonPages/Amazon_ValidateAddtoCart(Record)_OR/Page_Amazon.com Shopping Cart/a_All' is clicked on

07-02-2024T16:09:34 - [MESSAGE][PASSED] - Object: 'Object Repository/AmazonPages/Amazon_ValidateAddtoCart(Record)_OR/Page_Amazon.com Shopping Cart/a_All' is clicked on

07-02-2024T16:09:34 - [TEST_STEP][PASSED] - click(findTestObject("Object Repository/AmazonPages/Amazon_ValidateAddtoCart(Record)_OR/Page_Amazon.com Shopping Cart/a_Sign Out")): Object: 'Object Repository/AmazonPages/Amazon_ValidateAddtoCart(Record)_OR/Page_Amazon.com Shopping Cart/a_Sign Out' is clicked on

07-02-2024T16:09:37 - [MESSAGE][PASSED] - Object: 'Object Repository/AmazonPages/Amazon_ValidateAddtoCart(Record)_OR/Page_Amazon.com Shopping Cart/a_Sign Out' is clicked on]]></system-out>
         <system-err><![CDATA[]]></system-err>
      </testcase>
      <testcase name="Test Cases/Data_Driven_Testing/TC_Amazon_ValidateSearchFieldItem_003" time="25.55" classname="Test Cases/Data_Driven_Testing/TC_Amazon_ValidateSearchFieldItem_003" status="PASSED">
         <system-out><![CDATA[07-02-2024T16:09:37 - [TEST_CASE][PASSED] - Test Cases/Data_Driven_Testing/TC_Amazon_ValidateSearchFieldItem_003: Test Cases/Data_Driven_Testing/TC_Amazon_ValidateSearchFieldItem_003

07-02-2024T16:09:37 - [TEST_STEP][PASSED] - Start listener action : sampleBeforeTestCase: Object: 'Object Repository/AmazonPages/Amazon_ValidateAddtoCart(Record)_OR/Page_Amazon Sign-In/inputsignInSubmit' is clicked on

07-02-2024T16:09:37 - [TEST_STEP][PASSED] - navigateToUrl(URL): Navigate to 'https://www.amazon.com/' successfully

07-02-2024T16:09:39 - [MESSAGE][PASSED] - Navigate to 'https://www.amazon.com/' successfully

07-02-2024T16:09:39 - [TEST_STEP][PASSED] - maximizeWindow(): Current window maximized

07-02-2024T16:09:39 - [MESSAGE][PASSED] - Current window maximized

07-02-2024T16:09:39 - [TEST_STEP][PASSED] - click(findTestObject("Object Repository/AmazonPages/Amazon_ValidateAddtoCart(Record)_OR/Page_Amazon.com. Spend less. Smile more/span_Hello, sign in")): Object: 'Object Repository/AmazonPages/Amazon_ValidateAddtoCart(Record)_OR/Page_Amazon.com. Spend less. Smile more/span_Hello, sign in' is clicked on

07-02-2024T16:09:41 - [MESSAGE][PASSED] - Object: 'Object Repository/AmazonPages/Amazon_ValidateAddtoCart(Record)_OR/Page_Amazon.com. Spend less. Smile more/span_Hello, sign in' is clicked on

07-02-2024T16:09:41 - [TEST_STEP][PASSED] - setText(findTestObject("Object Repository/AmazonPages/Amazon_ValidateAddtoCart(Record)_OR/Page_Amazon Sign-In/input_email"), "8688410244"): Text '8688410244' is set on object 'Object Repository/AmazonPages/Amazon_ValidateAddtoCart(Record)_OR/Page_Amazon Sign-In/input_email'

07-02-2024T16:09:42 - [MESSAGE][PASSED] - Text '8688410244' is set on object 'Object Repository/AmazonPages/Amazon_ValidateAddtoCart(Record)_OR/Page_Amazon Sign-In/input_email'

07-02-2024T16:09:42 - [TEST_STEP][PASSED] - click(findTestObject("Object Repository/AmazonPages/Amazon_ValidateAddtoCart(Record)_OR/Page_Amazon Sign-In/inputcontinue")): Object: 'Object Repository/AmazonPages/Amazon_ValidateAddtoCart(Record)_OR/Page_Amazon Sign-In/inputcontinue' is clicked on

07-02-2024T16:09:45 - [MESSAGE][PASSED] - Object: 'Object Repository/AmazonPages/Amazon_ValidateAddtoCart(Record)_OR/Page_Amazon Sign-In/inputcontinue' is clicked on

07-02-2024T16:09:45 - [TEST_STEP][PASSED] - setEncryptedText(findTestObject("Object Repository/AmazonPages/Amazon_ValidateAddtoCart(Record)_OR/Page_Amazon Sign-In/input_password"), "trwX9ClwwJzqcxxckJfIhw=="): Text ****** has been set on object 'Object Repository/AmazonPages/Amazon_ValidateAddtoCart(Record)_OR/Page_Amazon Sign-In/input_password'

07-02-2024T16:09:46 - [MESSAGE][PASSED] - Text ****** has been set on object 'Object Repository/AmazonPages/Amazon_ValidateAddtoCart(Record)_OR/Page_Amazon Sign-In/input_password'

07-02-2024T16:09:46 - [TEST_STEP][PASSED] - click(findTestObject("Object Repository/AmazonPages/Amazon_ValidateAddtoCart(Record)_OR/Page_Amazon Sign-In/inputsignInSubmit")): Object: 'Object Repository/AmazonPages/Amazon_ValidateAddtoCart(Record)_OR/Page_Amazon Sign-In/inputsignInSubmit' is clicked on

07-02-2024T16:09:46 - [MESSAGE][PASSED] - Object: 'Object Repository/AmazonPages/Amazon_ValidateAddtoCart(Record)_OR/Page_Amazon Sign-In/inputsignInSubmit' is clicked on

07-02-2024T16:09:46 - [TEST_STEP][PASSED] - selectOptionByLabel(findTestObject("Object Repository/AmazonPages/Amazon_ValidateSearchFieldItem_OR/Page_Amazon.com. Spend less. Smile more/select_All Departments        Arts  Crafts _135c92"), category, true): All options with label 'Electronics' are selected in object 'Object Repository/AmazonPages/Amazon_ValidateSearchFieldItem_OR/Page_Amazon.com. Spend less. Smile more/select_All Departments        Arts  Crafts _135c92'  using regular expression

07-02-2024T16:09:52 - [MESSAGE][PASSED] - All options with label 'Electronics' are selected in object 'Object Repository/AmazonPages/Amazon_ValidateSearchFieldItem_OR/Page_Amazon.com. Spend less. Smile more/select_All Departments        Arts  Crafts _135c92'  using regular expression

07-02-2024T16:09:52 - [TEST_STEP][PASSED] - setText(findTestObject("Object Repository/AmazonPages/Amazon_ValidateSearchFieldItem_OR/Page_Amazon.com. Spend less. Smile more/input_field-keywords"), item): Text 'Mobile phones' is set on object 'Object Repository/AmazonPages/Amazon_ValidateSearchFieldItem_OR/Page_Amazon.com. Spend less. Smile more/input_field-keywords'

07-02-2024T16:09:53 - [MESSAGE][PASSED] - Text 'Mobile phones' is set on object 'Object Repository/AmazonPages/Amazon_ValidateSearchFieldItem_OR/Page_Amazon.com. Spend less. Smile more/input_field-keywords'

07-02-2024T16:09:53 - [TEST_STEP][PASSED] - click(findTestObject("Object Repository/AmazonPages/Amazon_ValidateSearchFieldItem_OR/Page_Amazon.com. Spend less. Smile more/inputnav-search-submit-button")): Object: 'Object Repository/AmazonPages/Amazon_ValidateSearchFieldItem_OR/Page_Amazon.com. Spend less. Smile more/inputnav-search-submit-button' is clicked on

07-02-2024T16:09:57 - [MESSAGE][PASSED] - Object: 'Object Repository/AmazonPages/Amazon_ValidateSearchFieldItem_OR/Page_Amazon.com. Spend less. Smile more/inputnav-search-submit-button' is clicked on

07-02-2024T16:09:57 - [TEST_STEP][PASSED] - verifyElementPresent(findTestObject("Object Repository/AmazonPages/Amazon_ValidateSearchFieldItem_OR/Page_Amazon.com  Da vinci code/span_Da vinci code"), 0): Object 'Object Repository/AmazonPages/Amazon_ValidateSearchFieldItem_OR/Page_Amazon.com  Da vinci code/span_Da vinci code' is present

07-02-2024T16:09:57 - [MESSAGE][WARNING] - Timeout '0' is invalid. Using default page load timeout: '30'

07-02-2024T16:09:58 - [MESSAGE][PASSED] - Object 'Object Repository/AmazonPages/Amazon_ValidateSearchFieldItem_OR/Page_Amazon.com  Da vinci code/span_Da vinci code' is present

07-02-2024T16:09:58 - [TEST_STEP][PASSED] - Start listener action : sampleAfterTestCase: Object: 'Object Repository/AmazonPages/Amazon_ValidateAddtoCart(Record)_OR/Page_Amazon.com Shopping Cart/a_Sign Out' is clicked on

07-02-2024T16:09:58 - [TEST_STEP][PASSED] - click(findTestObject("Object Repository/AmazonPages/Amazon_ValidateAddtoCart(Record)_OR/Page_Amazon.com Shopping Cart/a_All")): Object: 'Object Repository/AmazonPages/Amazon_ValidateAddtoCart(Record)_OR/Page_Amazon.com Shopping Cart/a_All' is clicked on

07-02-2024T16:09:59 - [MESSAGE][PASSED] - Object: 'Object Repository/AmazonPages/Amazon_ValidateAddtoCart(Record)_OR/Page_Amazon.com Shopping Cart/a_All' is clicked on

07-02-2024T16:09:59 - [TEST_STEP][PASSED] - click(findTestObject("Object Repository/AmazonPages/Amazon_ValidateAddtoCart(Record)_OR/Page_Amazon.com Shopping Cart/a_Sign Out")): Object: 'Object Repository/AmazonPages/Amazon_ValidateAddtoCart(Record)_OR/Page_Amazon.com Shopping Cart/a_Sign Out' is clicked on

07-02-2024T16:10:02 - [MESSAGE][PASSED] - Object: 'Object Repository/AmazonPages/Amazon_ValidateAddtoCart(Record)_OR/Page_Amazon.com Shopping Cart/a_Sign Out' is clicked on]]></system-out>
         <system-err><![CDATA[]]></system-err>
      </testcase>
      <testcase name="Test Cases/Data_Driven_Testing/TC_Amazon_ValidateSearchFieldItem_003" time="31.849" classname="Test Cases/Data_Driven_Testing/TC_Amazon_ValidateSearchFieldItem_003" status="PASSED">
         <system-out><![CDATA[07-02-2024T16:10:02 - [TEST_CASE][PASSED] - Test Cases/Data_Driven_Testing/TC_Amazon_ValidateSearchFieldItem_003: Test Cases/Data_Driven_Testing/TC_Amazon_ValidateSearchFieldItem_003

07-02-2024T16:10:02 - [TEST_STEP][PASSED] - Start listener action : sampleBeforeTestCase: Object: 'Object Repository/AmazonPages/Amazon_ValidateAddtoCart(Record)_OR/Page_Amazon Sign-In/inputsignInSubmit' is clicked on

07-02-2024T16:10:02 - [TEST_STEP][PASSED] - navigateToUrl(URL): Navigate to 'https://www.amazon.com/' successfully

07-02-2024T16:10:04 - [MESSAGE][PASSED] - Navigate to 'https://www.amazon.com/' successfully

07-02-2024T16:10:04 - [TEST_STEP][PASSED] - maximizeWindow(): Current window maximized

07-02-2024T16:10:04 - [MESSAGE][PASSED] - Current window maximized

07-02-2024T16:10:04 - [TEST_STEP][PASSED] - click(findTestObject("Object Repository/AmazonPages/Amazon_ValidateAddtoCart(Record)_OR/Page_Amazon.com. Spend less. Smile more/span_Hello, sign in")): Object: 'Object Repository/AmazonPages/Amazon_ValidateAddtoCart(Record)_OR/Page_Amazon.com. Spend less. Smile more/span_Hello, sign in' is clicked on

07-02-2024T16:10:07 - [MESSAGE][PASSED] - Object: 'Object Repository/AmazonPages/Amazon_ValidateAddtoCart(Record)_OR/Page_Amazon.com. Spend less. Smile more/span_Hello, sign in' is clicked on

07-02-2024T16:10:07 - [TEST_STEP][PASSED] - setText(findTestObject("Object Repository/AmazonPages/Amazon_ValidateAddtoCart(Record)_OR/Page_Amazon Sign-In/input_email"), "8688410244"): Text '8688410244' is set on object 'Object Repository/AmazonPages/Amazon_ValidateAddtoCart(Record)_OR/Page_Amazon Sign-In/input_email'

07-02-2024T16:10:08 - [MESSAGE][PASSED] - Text '8688410244' is set on object 'Object Repository/AmazonPages/Amazon_ValidateAddtoCart(Record)_OR/Page_Amazon Sign-In/input_email'

07-02-2024T16:10:08 - [TEST_STEP][PASSED] - click(findTestObject("Object Repository/AmazonPages/Amazon_ValidateAddtoCart(Record)_OR/Page_Amazon Sign-In/inputcontinue")): Object: 'Object Repository/AmazonPages/Amazon_ValidateAddtoCart(Record)_OR/Page_Amazon Sign-In/inputcontinue' is clicked on

07-02-2024T16:10:10 - [MESSAGE][PASSED] - Object: 'Object Repository/AmazonPages/Amazon_ValidateAddtoCart(Record)_OR/Page_Amazon Sign-In/inputcontinue' is clicked on

07-02-2024T16:10:10 - [TEST_STEP][PASSED] - setEncryptedText(findTestObject("Object Repository/AmazonPages/Amazon_ValidateAddtoCart(Record)_OR/Page_Amazon Sign-In/input_password"), "trwX9ClwwJzqcxxckJfIhw=="): Text ****** has been set on object 'Object Repository/AmazonPages/Amazon_ValidateAddtoCart(Record)_OR/Page_Amazon Sign-In/input_password'

07-02-2024T16:10:12 - [MESSAGE][PASSED] - Text ****** has been set on object 'Object Repository/AmazonPages/Amazon_ValidateAddtoCart(Record)_OR/Page_Amazon Sign-In/input_password'

07-02-2024T16:10:12 - [TEST_STEP][PASSED] - click(findTestObject("Object Repository/AmazonPages/Amazon_ValidateAddtoCart(Record)_OR/Page_Amazon Sign-In/inputsignInSubmit")): Object: 'Object Repository/AmazonPages/Amazon_ValidateAddtoCart(Record)_OR/Page_Amazon Sign-In/inputsignInSubmit' is clicked on

07-02-2024T16:10:12 - [MESSAGE][PASSED] - Object: 'Object Repository/AmazonPages/Amazon_ValidateAddtoCart(Record)_OR/Page_Amazon Sign-In/inputsignInSubmit' is clicked on

07-02-2024T16:10:12 - [TEST_STEP][PASSED] - selectOptionByLabel(findTestObject("Object Repository/AmazonPages/Amazon_ValidateSearchFieldItem_OR/Page_Amazon.com. Spend less. Smile more/select_All Departments        Arts  Crafts _135c92"), category, true): All options with label 'Home & Kitchen' are selected in object 'Object Repository/AmazonPages/Amazon_ValidateSearchFieldItem_OR/Page_Amazon.com. Spend less. Smile more/select_All Departments        Arts  Crafts _135c92'  using regular expression

07-02-2024T16:10:19 - [MESSAGE][PASSED] - All options with label 'Home & Kitchen' are selected in object 'Object Repository/AmazonPages/Amazon_ValidateSearchFieldItem_OR/Page_Amazon.com. Spend less. Smile more/select_All Departments        Arts  Crafts _135c92'  using regular expression

07-02-2024T16:10:19 - [TEST_STEP][PASSED] - setText(findTestObject("Object Repository/AmazonPages/Amazon_ValidateSearchFieldItem_OR/Page_Amazon.com. Spend less. Smile more/input_field-keywords"), item): Text 'Wooden tables' is set on object 'Object Repository/AmazonPages/Amazon_ValidateSearchFieldItem_OR/Page_Amazon.com. Spend less. Smile more/input_field-keywords'

07-02-2024T16:10:20 - [MESSAGE][PASSED] - Text 'Wooden tables' is set on object 'Object Repository/AmazonPages/Amazon_ValidateSearchFieldItem_OR/Page_Amazon.com. Spend less. Smile more/input_field-keywords'

07-02-2024T16:10:20 - [TEST_STEP][PASSED] - click(findTestObject("Object Repository/AmazonPages/Amazon_ValidateSearchFieldItem_OR/Page_Amazon.com. Spend less. Smile more/inputnav-search-submit-button")): Object: 'Object Repository/AmazonPages/Amazon_ValidateSearchFieldItem_OR/Page_Amazon.com. Spend less. Smile more/inputnav-search-submit-button' is clicked on

07-02-2024T16:10:29 - [MESSAGE][PASSED] - Object: 'Object Repository/AmazonPages/Amazon_ValidateSearchFieldItem_OR/Page_Amazon.com. Spend less. Smile more/inputnav-search-submit-button' is clicked on

07-02-2024T16:10:29 - [TEST_STEP][PASSED] - verifyElementPresent(findTestObject("Object Repository/AmazonPages/Amazon_ValidateSearchFieldItem_OR/Page_Amazon.com  Da vinci code/span_Da vinci code"), 0): Object 'Object Repository/AmazonPages/Amazon_ValidateSearchFieldItem_OR/Page_Amazon.com  Da vinci code/span_Da vinci code' is present

07-02-2024T16:10:29 - [MESSAGE][WARNING] - Timeout '0' is invalid. Using default page load timeout: '30'

07-02-2024T16:10:30 - [MESSAGE][PASSED] - Object 'Object Repository/AmazonPages/Amazon_ValidateSearchFieldItem_OR/Page_Amazon.com  Da vinci code/span_Da vinci code' is present

07-02-2024T16:10:30 - [TEST_STEP][PASSED] - Start listener action : sampleAfterTestCase: Object: 'Object Repository/AmazonPages/Amazon_ValidateAddtoCart(Record)_OR/Page_Amazon.com Shopping Cart/a_Sign Out' is clicked on

07-02-2024T16:10:30 - [TEST_STEP][PASSED] - click(findTestObject("Object Repository/AmazonPages/Amazon_ValidateAddtoCart(Record)_OR/Page_Amazon.com Shopping Cart/a_All")): Object: 'Object Repository/AmazonPages/Amazon_ValidateAddtoCart(Record)_OR/Page_Amazon.com Shopping Cart/a_All' is clicked on

07-02-2024T16:10:30 - [MESSAGE][PASSED] - Object: 'Object Repository/AmazonPages/Amazon_ValidateAddtoCart(Record)_OR/Page_Amazon.com Shopping Cart/a_All' is clicked on

07-02-2024T16:10:30 - [TEST_STEP][PASSED] - click(findTestObject("Object Repository/AmazonPages/Amazon_ValidateAddtoCart(Record)_OR/Page_Amazon.com Shopping Cart/a_Sign Out")): Object: 'Object Repository/AmazonPages/Amazon_ValidateAddtoCart(Record)_OR/Page_Amazon.com Shopping Cart/a_Sign Out' is clicked on

07-02-2024T16:10:34 - [MESSAGE][PASSED] - Object: 'Object Repository/AmazonPages/Amazon_ValidateAddtoCart(Record)_OR/Page_Amazon.com Shopping Cart/a_Sign Out' is clicked on]]></system-out>
         <system-err><![CDATA[]]></system-err>
      </testcase>
      <system-out><![CDATA[07-02-2024T16:08:57 - [TEST_SUITE][PASSED] - Amazon_TestSuite_ValidateSearchFieldItem_003: Test Cases/Data_Driven_Testing/TC_Amazon_ValidateSearchFieldItem_003]]></system-out>
      <system-err><![CDATA[]]></system-err>
   </testsuite>
</testsuites>
