<?xml version="1.0" encoding="UTF-8"?>
<testsuites name="Amazon_TestSuiteCollection_ValidateItemInStock-OutStock(Script)_007" time="71.567" tests="2" failures="0" errors="0">
   <testsuite name="Amazon_TestSuite_ValidateItemInStock-OutStock(Script)_007" tests="1" failures="0" errors="0" time="62.924" skipped="0" timestamp="02-02-2024T21:52:37" hostname="Sameena Shaik - LAPTOP-GSKQBBMU" id="Test Suites/Amazon_TestSuite/Amazon_TestSuite_ValidateItemInStock-OutStock(Script)_007">
      <properties>
         <property name="deviceName" value=""/>
         <property name="devicePlatform" value=""/>
         <property name="logFolder" value="C:\\Users\\Sameena Shaik\\git\\Katalon-Automation-Testing-SB-Project\\Reports\\20240202_215224\\Amazon_TestSuite\\Amazon_TestSuite_ValidateItemInStock-OutStock(Script)_007\\20240202_215225"/>
         <property name="logFiles" value="C:\\Users\\Sameena Shaik\\git\\Katalon-Automation-Testing-SB-Project\\Reports\\20240202_215224\\Amazon_TestSuite\\Amazon_TestSuite_ValidateItemInStock-OutStock(Script)_007\\20240202_215225\\execution0.log"/>
         <property name="attachments" value=""/>
         <property name="hostName" value="Sameena Shaik - LAPTOP-GSKQBBMU"/>
         <property name="os" value="Windows 11 64bit"/>
         <property name="katalonVersion" value="9.2.0.212"/>
         <property name="browser" value="Chrome 121.0.0.0"/>
         <property name="hostAddress" value="192.168.1.8"/>
         <property name="sessionId" value="824685b282fd2bd54a3f8c3078a00164"/>
         <property name="seleniumVersion" value="3.141.59"/>
         <property name="proxyInformation" value="ProxyInformation { proxyOption=NO_PROXY, proxyServerType=HTTP, username=, password=********, proxyServerAddress=, proxyServerPort=0, executionList=&quot;&quot;, isApplyToDesiredCapabilities=true }"/>
         <property name="platform" value="Windows 11"/>
      </properties>
      <testcase name="Test Cases/Recording_Modes/TC_Amazon_ValidateItemInStock-OutStock(Script)_007" time="58.058" classname="Test Cases/Recording_Modes/TC_Amazon_ValidateItemInStock-OutStock(Script)_007" status="PASSED">
         <system-out><![CDATA[02-02-2024T21:52:42 - [TEST_CASE][PASSED] - Test Cases/Recording_Modes/TC_Amazon_ValidateItemInStock-OutStock(Script)_007: Test Cases/Recording_Modes/TC_Amazon_ValidateItemInStock-OutStock(Script)_007

02-02-2024T21:52:42 - [TEST_STEP][PASSED] - Start listener action : sampleBeforeTestCase: Current window maximized

02-02-2024T21:52:42 - [TEST_STEP][PASSED] - navigateToUrl(URL): Navigate to 'https://www.amazon.com/' successfully

02-02-2024T21:52:46 - [MESSAGE][PASSED] - Navigate to 'https://www.amazon.com/' successfully

02-02-2024T21:52:46 - [TEST_STEP][PASSED] - maximizeWindow(): Current window maximized

02-02-2024T21:52:47 - [MESSAGE][PASSED] - Current window maximized

02-02-2024T21:52:47 - [TEST_STEP][PASSED] - setText(findTestObject("Object Repository/AmazonPages/Amazon_ValidateItemInStock-OutStock(Script)_OR/Page_Amazon.com. Spend less. Smile more/input_field-keywords"), item): Text 'samsung galaxy a54 5g phone' is set on object 'Object Repository/AmazonPages/Amazon_ValidateItemInStock-OutStock(Script)_OR/Page_Amazon.com. Spend less. Smile more/input_field-keywords'

02-02-2024T21:52:56 - [MESSAGE][PASSED] - Text 'samsung galaxy a54 5g phone' is set on object 'Object Repository/AmazonPages/Amazon_ValidateItemInStock-OutStock(Script)_OR/Page_Amazon.com. Spend less. Smile more/input_field-keywords'

02-02-2024T21:52:56 - [TEST_STEP][PASSED] - click(findTestObject("Object Repository/AmazonPages/Amazon_ValidateItemInStock-OutStock(Script)_OR/Page_Amazon.com. Spend less. Smile more/inputnav-search-submit-button")): Object: 'Object Repository/AmazonPages/Amazon_ValidateItemInStock-OutStock(Script)_OR/Page_Amazon.com. Spend less. Smile more/inputnav-search-submit-button' is clicked on

02-02-2024T21:53:07 - [MESSAGE][PASSED] - Object: 'Object Repository/AmazonPages/Amazon_ValidateItemInStock-OutStock(Script)_OR/Page_Amazon.com. Spend less. Smile more/inputnav-search-submit-button' is clicked on

02-02-2024T21:53:07 - [TEST_STEP][PASSED] - click(findTestObject("Object Repository/AmazonPages/Amazon_ValidateItemInStock-OutStock(Script)_OR/Page_Amazon.com  samsung galaxy a54 5g phone/span_SAMSUNG Galaxy A54 5G A Series Cell Ph_6b2531")): Object: 'Object Repository/AmazonPages/Amazon_ValidateItemInStock-OutStock(Script)_OR/Page_Amazon.com  samsung galaxy a54 5g phone/span_SAMSUNG Galaxy A54 5G A Series Cell Ph_6b2531' is clicked on

02-02-2024T21:53:36 - [MESSAGE][PASSED] - Object: 'Object Repository/AmazonPages/Amazon_ValidateItemInStock-OutStock(Script)_OR/Page_Amazon.com  samsung galaxy a54 5g phone/span_SAMSUNG Galaxy A54 5G A Series Cell Ph_6b2531' is clicked on

02-02-2024T21:53:36 - [TEST_STEP][PASSED] - verifyElementPresent(findTestObject("Object Repository/AmazonPages/Amazon_ValidateItemInStock-OutStock(Script)_OR/Page_Amazon.com SAMSUNG Galaxy A54 5G A Ser_1bc85d/span_In Stock"), 0): Object 'Object Repository/AmazonPages/Amazon_ValidateItemInStock-OutStock(Script)_OR/Page_Amazon.com SAMSUNG Galaxy A54 5G A Ser_1bc85d/span_In Stock' is present

02-02-2024T21:53:36 - [MESSAGE][WARNING] - Timeout '0' is invalid. Using default page load timeout: '30'

02-02-2024T21:53:40 - [MESSAGE][PASSED] - Object 'Object Repository/AmazonPages/Amazon_ValidateItemInStock-OutStock(Script)_OR/Page_Amazon.com SAMSUNG Galaxy A54 5G A Ser_1bc85d/span_In Stock' is present]]></system-out>
         <system-err><![CDATA[]]></system-err>
      </testcase>
      <system-out><![CDATA[02-02-2024T21:52:37 - [TEST_SUITE][PASSED] - Amazon_TestSuite_ValidateItemInStock-OutStock(Script)_007: Test Cases/Recording_Modes/TC_Amazon_ValidateItemInStock-OutStock(Script)_007]]></system-out>
      <system-err><![CDATA[]]></system-err>
   </testsuite>
   <testsuite name="Amazon_TestSuite_ValidateItemInStock-OutStock(Script)_007" tests="1" failures="0" errors="0" time="54.067" skipped="0" timestamp="02-02-2024T21:52:37" hostname="Sameena Shaik - LAPTOP-GSKQBBMU" id="Test Suites/Amazon_TestSuite/Amazon_TestSuite_ValidateItemInStock-OutStock(Script)_007">
      <properties>
         <property name="deviceName" value=""/>
         <property name="devicePlatform" value=""/>
         <property name="logFolder" value="C:\\Users\\Sameena Shaik\\git\\Katalon-Automation-Testing-SB-Project\\Reports\\20240202_215224\\Amazon_TestSuite\\Amazon_TestSuite_ValidateItemInStock-OutStock(Script)_007\\20240202_215227"/>
         <property name="logFiles" value="C:\\Users\\Sameena Shaik\\git\\Katalon-Automation-Testing-SB-Project\\Reports\\20240202_215224\\Amazon_TestSuite\\Amazon_TestSuite_ValidateItemInStock-OutStock(Script)_007\\20240202_215227\\execution0.log"/>
         <property name="attachments" value=""/>
         <property name="hostName" value="Sameena Shaik - LAPTOP-GSKQBBMU"/>
         <property name="os" value="Windows 11 64bit"/>
         <property name="katalonVersion" value="9.2.0.212"/>
         <property name="browser" value="Edge Chromium 121"/>
         <property name="hostAddress" value="192.168.1.8"/>
         <property name="sessionId" value="b921ea83712374be412b7ce8d666382e"/>
         <property name="seleniumVersion" value="3.141.59"/>
         <property name="proxyInformation" value="ProxyInformation { proxyOption=NO_PROXY, proxyServerType=HTTP, username=, password=********, proxyServerAddress=, proxyServerPort=0, executionList=&quot;&quot;, isApplyToDesiredCapabilities=true }"/>
         <property name="platform" value="Windows 11"/>
      </properties>
      <testcase name="Test Cases/Recording_Modes/TC_Amazon_ValidateItemInStock-OutStock(Script)_007" time="49.494" classname="Test Cases/Recording_Modes/TC_Amazon_ValidateItemInStock-OutStock(Script)_007" status="PASSED">
         <system-out><![CDATA[02-02-2024T21:52:41 - [TEST_CASE][PASSED] - Test Cases/Recording_Modes/TC_Amazon_ValidateItemInStock-OutStock(Script)_007: Test Cases/Recording_Modes/TC_Amazon_ValidateItemInStock-OutStock(Script)_007

02-02-2024T21:52:42 - [TEST_STEP][PASSED] - Start listener action : sampleBeforeTestCase: Current window maximized

02-02-2024T21:52:42 - [TEST_STEP][PASSED] - navigateToUrl(URL): Navigate to 'https://www.amazon.com/' successfully

02-02-2024T21:52:49 - [MESSAGE][PASSED] - Navigate to 'https://www.amazon.com/' successfully

02-02-2024T21:52:49 - [TEST_STEP][PASSED] - maximizeWindow(): Current window maximized

02-02-2024T21:52:49 - [MESSAGE][PASSED] - Current window maximized

02-02-2024T21:52:49 - [TEST_STEP][PASSED] - setText(findTestObject("Object Repository/AmazonPages/Amazon_ValidateItemInStock-OutStock(Script)_OR/Page_Amazon.com. Spend less. Smile more/input_field-keywords"), item): Text 'samsung galaxy a54 5g phone' is set on object 'Object Repository/AmazonPages/Amazon_ValidateItemInStock-OutStock(Script)_OR/Page_Amazon.com. Spend less. Smile more/input_field-keywords'

02-02-2024T21:52:52 - [MESSAGE][PASSED] - Text 'samsung galaxy a54 5g phone' is set on object 'Object Repository/AmazonPages/Amazon_ValidateItemInStock-OutStock(Script)_OR/Page_Amazon.com. Spend less. Smile more/input_field-keywords'

02-02-2024T21:52:52 - [TEST_STEP][PASSED] - click(findTestObject("Object Repository/AmazonPages/Amazon_ValidateItemInStock-OutStock(Script)_OR/Page_Amazon.com. Spend less. Smile more/inputnav-search-submit-button")): Object: 'Object Repository/AmazonPages/Amazon_ValidateItemInStock-OutStock(Script)_OR/Page_Amazon.com. Spend less. Smile more/inputnav-search-submit-button' is clicked on

02-02-2024T21:53:03 - [MESSAGE][PASSED] - Object: 'Object Repository/AmazonPages/Amazon_ValidateItemInStock-OutStock(Script)_OR/Page_Amazon.com. Spend less. Smile more/inputnav-search-submit-button' is clicked on

02-02-2024T21:53:03 - [TEST_STEP][PASSED] - click(findTestObject("Object Repository/AmazonPages/Amazon_ValidateItemInStock-OutStock(Script)_OR/Page_Amazon.com  samsung galaxy a54 5g phone/span_SAMSUNG Galaxy A54 5G A Series Cell Ph_6b2531")): Object: 'Object Repository/AmazonPages/Amazon_ValidateItemInStock-OutStock(Script)_OR/Page_Amazon.com  samsung galaxy a54 5g phone/span_SAMSUNG Galaxy A54 5G A Series Cell Ph_6b2531' is clicked on

02-02-2024T21:53:27 - [MESSAGE][PASSED] - Object: 'Object Repository/AmazonPages/Amazon_ValidateItemInStock-OutStock(Script)_OR/Page_Amazon.com  samsung galaxy a54 5g phone/span_SAMSUNG Galaxy A54 5G A Series Cell Ph_6b2531' is clicked on

02-02-2024T21:53:27 - [TEST_STEP][PASSED] - verifyElementPresent(findTestObject("Object Repository/AmazonPages/Amazon_ValidateItemInStock-OutStock(Script)_OR/Page_Amazon.com SAMSUNG Galaxy A54 5G A Ser_1bc85d/span_In Stock"), 0): Object 'Object Repository/AmazonPages/Amazon_ValidateItemInStock-OutStock(Script)_OR/Page_Amazon.com SAMSUNG Galaxy A54 5G A Ser_1bc85d/span_In Stock' is present

02-02-2024T21:53:27 - [MESSAGE][WARNING] - Timeout '0' is invalid. Using default page load timeout: '30'

02-02-2024T21:53:31 - [MESSAGE][PASSED] - Object 'Object Repository/AmazonPages/Amazon_ValidateItemInStock-OutStock(Script)_OR/Page_Amazon.com SAMSUNG Galaxy A54 5G A Ser_1bc85d/span_In Stock' is present]]></system-out>
         <system-err><![CDATA[]]></system-err>
      </testcase>
      <system-out><![CDATA[02-02-2024T21:52:37 - [TEST_SUITE][PASSED] - Amazon_TestSuite_ValidateItemInStock-OutStock(Script)_007: Test Cases/Recording_Modes/TC_Amazon_ValidateItemInStock-OutStock(Script)_007]]></system-out>
      <system-err><![CDATA[]]></system-err>
   </testsuite>
</testsuites>
