<?xml version="1.0" encoding="UTF-8"?>
<testsuites name="Amazon_TestSuiteCollection_Login_001" time="51.93" tests="2" failures="0" errors="0">
   <testsuite name="Amazon_TestSuite_Login_001" tests="1" failures="0" errors="0" time="42.201" skipped="0" timestamp="01-02-2024T15:25:57" hostname="Sameena Shaik - LAPTOP-GSKQBBMU" id="Test Suites/Amazon_TestSuite/Amazon_TestSuite_Login_001">
      <properties>
         <property name="deviceName" value=""/>
         <property name="devicePlatform" value=""/>
         <property name="logFolder" value="C:\\Users\\Sameena Shaik\\git\\Katalon-Automation-Testing-SB-Project\\Reports\\20240201_152545\\Amazon_TestSuite\\Amazon_TestSuite_Login_001\\20240201_152546"/>
         <property name="logFiles" value="C:\\Users\\Sameena Shaik\\git\\Katalon-Automation-Testing-SB-Project\\Reports\\20240201_152545\\Amazon_TestSuite\\Amazon_TestSuite_Login_001\\20240201_152546\\execution0.log"/>
         <property name="attachments" value=""/>
         <property name="hostName" value="Sameena Shaik - LAPTOP-GSKQBBMU"/>
         <property name="os" value="Windows 11 64bit"/>
         <property name="katalonVersion" value="9.2.0.212"/>
         <property name="browser" value="Chrome 121.0.0.0"/>
         <property name="hostAddress" value="192.168.1.8"/>
         <property name="sessionId" value="22585d4c73336707996fb14024ba4868"/>
         <property name="seleniumVersion" value="3.141.59"/>
         <property name="proxyInformation" value="ProxyInformation { proxyOption=NO_PROXY, proxyServerType=HTTP, username=, password=********, proxyServerAddress=, proxyServerPort=0, executionList=&quot;&quot;, isApplyToDesiredCapabilities=true }"/>
         <property name="platform" value="Windows 11"/>
      </properties>
      <testcase name="Test Cases/Local_and_Global_Variables/TC_Amazon_Login_001" time="36.978" classname="Test Cases/Local_and_Global_Variables/TC_Amazon_Login_001" status="PASSED">
         <system-out><![CDATA[01-02-2024T15:26:02 - [TEST_CASE][PASSED] - Test Cases/Local_and_Global_Variables/TC_Amazon_Login_001: Test Cases/Local_and_Global_Variables/TC_Amazon_Login_001

01-02-2024T15:26:02 - [TEST_STEP][PASSED] - Start listener action : sampleBeforeTestCase: Current window maximized

01-02-2024T15:26:02 - [TEST_STEP][PASSED] - navigateToUrl(URL): Navigate to 'https://www.amazon.com/' successfully

01-02-2024T15:26:04 - [MESSAGE][PASSED] - Navigate to 'https://www.amazon.com/' successfully

01-02-2024T15:26:04 - [TEST_STEP][PASSED] - maximizeWindow(): Current window maximized

01-02-2024T15:26:05 - [MESSAGE][PASSED] - Current window maximized

01-02-2024T15:26:05 - [TEST_STEP][PASSED] - click(findTestObject("Object Repository/AmazonPages/Amazon_Login_OR/Page_Amazon.com. Spend less. Smile more/span_Hello, sign in")): Object: 'Object Repository/AmazonPages/Amazon_Login_OR/Page_Amazon.com. Spend less. Smile more/span_Hello, sign in' is clicked on

01-02-2024T15:26:21 - [MESSAGE][PASSED] - Object: 'Object Repository/AmazonPages/Amazon_Login_OR/Page_Amazon.com. Spend less. Smile more/span_Hello, sign in' is clicked on

01-02-2024T15:26:21 - [TEST_STEP][PASSED] - setText(findTestObject("Object Repository/AmazonPages/Amazon_Login_OR/Page_Amazon Sign-In/input_email"), Email_or_MobileNumber): Text '8688410244' is set on object 'Object Repository/AmazonPages/Amazon_Login_OR/Page_Amazon Sign-In/input_email'

01-02-2024T15:26:23 - [MESSAGE][PASSED] - Text '8688410244' is set on object 'Object Repository/AmazonPages/Amazon_Login_OR/Page_Amazon Sign-In/input_email'

01-02-2024T15:26:23 - [TEST_STEP][PASSED] - click(findTestObject("Object Repository/AmazonPages/Amazon_Login_OR/Page_Amazon Sign-In/inputcontinue")): Object: 'Object Repository/AmazonPages/Amazon_Login_OR/Page_Amazon Sign-In/inputcontinue' is clicked on

01-02-2024T15:26:26 - [MESSAGE][PASSED] - Object: 'Object Repository/AmazonPages/Amazon_Login_OR/Page_Amazon Sign-In/inputcontinue' is clicked on

01-02-2024T15:26:26 - [TEST_STEP][PASSED] - setText(findTestObject("Object Repository/AmazonPages/Amazon_Login_OR/Page_Amazon Sign-In/input_password"), Password): Text 'Sameena456' is set on object 'Object Repository/AmazonPages/Amazon_Login_OR/Page_Amazon Sign-In/input_password'

01-02-2024T15:26:27 - [MESSAGE][PASSED] - Text 'Sameena456' is set on object 'Object Repository/AmazonPages/Amazon_Login_OR/Page_Amazon Sign-In/input_password'

01-02-2024T15:26:27 - [TEST_STEP][PASSED] - click(findTestObject("Object Repository/AmazonPages/Amazon_Login_OR/Page_Amazon Sign-In/inputsignInSubmit")): Object: 'Object Repository/AmazonPages/Amazon_Login_OR/Page_Amazon Sign-In/inputsignInSubmit' is clicked on

01-02-2024T15:26:28 - [MESSAGE][PASSED] - Object: 'Object Repository/AmazonPages/Amazon_Login_OR/Page_Amazon Sign-In/inputsignInSubmit' is clicked on

01-02-2024T15:26:28 - [TEST_STEP][PASSED] - delay(2): Delayed 2 second(s)

01-02-2024T15:26:30 - [MESSAGE][PASSED] - Delayed 2 second(s)

01-02-2024T15:26:30 - [TEST_STEP][PASSED] - verifyElementText(findTestObject("Object Repository/AmazonPages/Amazon_Login_OR/Page_Amazon.com. Spend less. Smile more/span_Hello, Sameena"), "Hello, Sameena"): Actual text and expected text of test object 'Object Repository/AmazonPages/Amazon_Login_OR/Page_Amazon.com. Spend less. Smile more/span_Hello, Sameena' are matched.

01-02-2024T15:26:39 - [MESSAGE][PASSED] - Actual text and expected text of test object 'Object Repository/AmazonPages/Amazon_Login_OR/Page_Amazon.com. Spend less. Smile more/span_Hello, Sameena' are matched.]]></system-out>
         <system-err><![CDATA[]]></system-err>
      </testcase>
      <system-out><![CDATA[01-02-2024T15:25:57 - [TEST_SUITE][PASSED] - Amazon_TestSuite_Login_001: Test Cases/Local_and_Global_Variables/TC_Amazon_Login_001]]></system-out>
      <system-err><![CDATA[]]></system-err>
   </testsuite>
   <testsuite name="Amazon_TestSuite_Login_001" tests="1" failures="0" errors="0" time="43.766" skipped="0" timestamp="01-02-2024T15:25:57" hostname="Sameena Shaik - LAPTOP-GSKQBBMU" id="Test Suites/Amazon_TestSuite/Amazon_TestSuite_Login_001">
      <properties>
         <property name="deviceName" value=""/>
         <property name="devicePlatform" value=""/>
         <property name="logFolder" value="C:\\Users\\Sameena Shaik\\git\\Katalon-Automation-Testing-SB-Project\\Reports\\20240201_152545\\Amazon_TestSuite\\Amazon_TestSuite_Login_001\\20240201_152548"/>
         <property name="logFiles" value="C:\\Users\\Sameena Shaik\\git\\Katalon-Automation-Testing-SB-Project\\Reports\\20240201_152545\\Amazon_TestSuite\\Amazon_TestSuite_Login_001\\20240201_152548\\execution0.log"/>
         <property name="attachments" value=""/>
         <property name="hostName" value="Sameena Shaik - LAPTOP-GSKQBBMU"/>
         <property name="os" value="Windows 11 64bit"/>
         <property name="katalonVersion" value="9.2.0.212"/>
         <property name="browser" value="Edge Chromium 121"/>
         <property name="hostAddress" value="192.168.1.8"/>
         <property name="sessionId" value="f8def1f8b8af189e4153b9690d7d4b31"/>
         <property name="seleniumVersion" value="3.141.59"/>
         <property name="proxyInformation" value="ProxyInformation { proxyOption=NO_PROXY, proxyServerType=HTTP, username=, password=********, proxyServerAddress=, proxyServerPort=0, executionList=&quot;&quot;, isApplyToDesiredCapabilities=true }"/>
         <property name="platform" value="Windows 11"/>
      </properties>
      <testcase name="Test Cases/Local_and_Global_Variables/TC_Amazon_Login_001" time="38.727" classname="Test Cases/Local_and_Global_Variables/TC_Amazon_Login_001" status="PASSED">
         <system-out><![CDATA[01-02-2024T15:26:02 - [TEST_CASE][PASSED] - Test Cases/Local_and_Global_Variables/TC_Amazon_Login_001: Test Cases/Local_and_Global_Variables/TC_Amazon_Login_001

01-02-2024T15:26:02 - [TEST_STEP][PASSED] - Start listener action : sampleBeforeTestCase: Current window maximized

01-02-2024T15:26:02 - [TEST_STEP][PASSED] - navigateToUrl(URL): Navigate to 'https://www.amazon.com/' successfully

01-02-2024T15:26:05 - [MESSAGE][PASSED] - Navigate to 'https://www.amazon.com/' successfully

01-02-2024T15:26:05 - [TEST_STEP][PASSED] - maximizeWindow(): Current window maximized

01-02-2024T15:26:05 - [MESSAGE][PASSED] - Current window maximized

01-02-2024T15:26:05 - [TEST_STEP][PASSED] - click(findTestObject("Object Repository/AmazonPages/Amazon_Login_OR/Page_Amazon.com. Spend less. Smile more/span_Hello, sign in")): Object: 'Object Repository/AmazonPages/Amazon_Login_OR/Page_Amazon.com. Spend less. Smile more/span_Hello, sign in' is clicked on

01-02-2024T15:26:27 - [MESSAGE][PASSED] - Object: 'Object Repository/AmazonPages/Amazon_Login_OR/Page_Amazon.com. Spend less. Smile more/span_Hello, sign in' is clicked on

01-02-2024T15:26:27 - [TEST_STEP][PASSED] - setText(findTestObject("Object Repository/AmazonPages/Amazon_Login_OR/Page_Amazon Sign-In/input_email"), Email_or_MobileNumber): Text '8688410244' is set on object 'Object Repository/AmazonPages/Amazon_Login_OR/Page_Amazon Sign-In/input_email'

01-02-2024T15:26:29 - [MESSAGE][PASSED] - Text '8688410244' is set on object 'Object Repository/AmazonPages/Amazon_Login_OR/Page_Amazon Sign-In/input_email'

01-02-2024T15:26:29 - [TEST_STEP][PASSED] - click(findTestObject("Object Repository/AmazonPages/Amazon_Login_OR/Page_Amazon Sign-In/inputcontinue")): Object: 'Object Repository/AmazonPages/Amazon_Login_OR/Page_Amazon Sign-In/inputcontinue' is clicked on

01-02-2024T15:26:33 - [MESSAGE][PASSED] - Object: 'Object Repository/AmazonPages/Amazon_Login_OR/Page_Amazon Sign-In/inputcontinue' is clicked on

01-02-2024T15:26:33 - [TEST_STEP][PASSED] - setText(findTestObject("Object Repository/AmazonPages/Amazon_Login_OR/Page_Amazon Sign-In/input_password"), Password): Text 'Sameena456' is set on object 'Object Repository/AmazonPages/Amazon_Login_OR/Page_Amazon Sign-In/input_password'

01-02-2024T15:26:34 - [MESSAGE][PASSED] - Text 'Sameena456' is set on object 'Object Repository/AmazonPages/Amazon_Login_OR/Page_Amazon Sign-In/input_password'

01-02-2024T15:26:34 - [TEST_STEP][PASSED] - click(findTestObject("Object Repository/AmazonPages/Amazon_Login_OR/Page_Amazon Sign-In/inputsignInSubmit")): Object: 'Object Repository/AmazonPages/Amazon_Login_OR/Page_Amazon Sign-In/inputsignInSubmit' is clicked on

01-02-2024T15:26:34 - [MESSAGE][PASSED] - Object: 'Object Repository/AmazonPages/Amazon_Login_OR/Page_Amazon Sign-In/inputsignInSubmit' is clicked on

01-02-2024T15:26:34 - [TEST_STEP][PASSED] - delay(2): Delayed 2 second(s)

01-02-2024T15:26:36 - [MESSAGE][PASSED] - Delayed 2 second(s)

01-02-2024T15:26:37 - [TEST_STEP][PASSED] - verifyElementText(findTestObject("Object Repository/AmazonPages/Amazon_Login_OR/Page_Amazon.com. Spend less. Smile more/span_Hello, Sameena"), "Hello, Sameena"): Actual text and expected text of test object 'Object Repository/AmazonPages/Amazon_Login_OR/Page_Amazon.com. Spend less. Smile more/span_Hello, Sameena' are matched.

01-02-2024T15:26:41 - [MESSAGE][PASSED] - Actual text and expected text of test object 'Object Repository/AmazonPages/Amazon_Login_OR/Page_Amazon.com. Spend less. Smile more/span_Hello, Sameena' are matched.]]></system-out>
         <system-err><![CDATA[]]></system-err>
      </testcase>
      <system-out><![CDATA[01-02-2024T15:25:57 - [TEST_SUITE][PASSED] - Amazon_TestSuite_Login_001: Test Cases/Local_and_Global_Variables/TC_Amazon_Login_001]]></system-out>
      <system-err><![CDATA[]]></system-err>
   </testsuite>
</testsuites>
