<?xml version="1.0" encoding="UTF-8"?>
<testsuites name="Amazon_TestSuite_ValidateSearchFieldItem_003" time="127.343" tests="3" failures="0" errors="0">
   <testsuite name="Amazon_TestSuite_ValidateSearchFieldItem_003" tests="3" failures="0" errors="0" time="127.343" skipped="0" timestamp="01-02-2024T23:05:28" hostname="Sameena Shaik - LAPTOP-GSKQBBMU" id="Test Suites/Amazon_TestSuite/Amazon_TestSuite_ValidateSearchFieldItem_003">
      <properties>
         <property name="deviceName" value=""/>
         <property name="devicePlatform" value=""/>
         <property name="logFolder" value="C:\\Users\\Sameena Shaik\\git\\Katalon-Automation-Testing-SB-Project\\Reports\\20240201_230514\\Amazon_TestSuite\\Amazon_TestSuite_ValidateSearchFieldItem_003\\20240201_230517"/>
         <property name="logFiles" value="C:\\Users\\Sameena Shaik\\git\\Katalon-Automation-Testing-SB-Project\\Reports\\20240201_230514\\Amazon_TestSuite\\Amazon_TestSuite_ValidateSearchFieldItem_003\\20240201_230517\\execution0.log"/>
         <property name="attachments" value=""/>
         <property name="hostName" value="Sameena Shaik - LAPTOP-GSKQBBMU"/>
         <property name="os" value="Windows 11 64bit"/>
         <property name="katalonVersion" value="9.2.0.212"/>
         <property name="browser" value="Edge Chromium 121"/>
         <property name="hostAddress" value="192.168.1.8"/>
         <property name="sessionId" value="9200e4bd741b15c9f96b02e2166b29d9"/>
         <property name="seleniumVersion" value="3.141.59"/>
         <property name="proxyInformation" value="ProxyInformation { proxyOption=NO_PROXY, proxyServerType=HTTP, username=, password=********, proxyServerAddress=, proxyServerPort=0, executionList=&quot;&quot;, isApplyToDesiredCapabilities=true }"/>
         <property name="platform" value="Windows 11"/>
      </properties>
      <testcase name="Test Cases/Data_Driven_Testing/TC_Amazon_ValidateSearchFieldItem_003" time="44.329" classname="Test Cases/Data_Driven_Testing/TC_Amazon_ValidateSearchFieldItem_003" status="PASSED">
         <system-out><![CDATA[01-02-2024T23:05:33 - [TEST_CASE][PASSED] - Test Cases/Data_Driven_Testing/TC_Amazon_ValidateSearchFieldItem_003: Test Cases/Data_Driven_Testing/TC_Amazon_ValidateSearchFieldItem_003

01-02-2024T23:05:33 - [TEST_STEP][PASSED] - Start listener action : sampleBeforeTestCase: Current window maximized

01-02-2024T23:05:34 - [TEST_STEP][PASSED] - navigateToUrl(URL): Navigate to 'https://www.amazon.com/' successfully

01-02-2024T23:05:42 - [MESSAGE][PASSED] - Navigate to 'https://www.amazon.com/' successfully

01-02-2024T23:05:42 - [TEST_STEP][PASSED] - maximizeWindow(): Current window maximized

01-02-2024T23:05:42 - [MESSAGE][PASSED] - Current window maximized

01-02-2024T23:05:42 - [TEST_STEP][PASSED] - selectOptionByLabel(findTestObject("Object Repository/AmazonPages/Amazon_ValidateSearchFieldItem_OR/Page_Amazon.com. Spend less. Smile more/select_All Departments        Arts  Crafts _135c92"), category, true): All options with label 'Books' are selected in object 'Object Repository/AmazonPages/Amazon_ValidateSearchFieldItem_OR/Page_Amazon.com. Spend less. Smile more/select_All Departments        Arts  Crafts _135c92'  using regular expression

01-02-2024T23:06:03 - [MESSAGE][PASSED] - All options with label 'Books' are selected in object 'Object Repository/AmazonPages/Amazon_ValidateSearchFieldItem_OR/Page_Amazon.com. Spend less. Smile more/select_All Departments        Arts  Crafts _135c92'  using regular expression

01-02-2024T23:06:03 - [TEST_STEP][PASSED] - setText(findTestObject("Object Repository/AmazonPages/Amazon_ValidateSearchFieldItem_OR/Page_Amazon.com. Spend less. Smile more/input_field-keywords"), item): Text 'Da vinci code' is set on object 'Object Repository/AmazonPages/Amazon_ValidateSearchFieldItem_OR/Page_Amazon.com. Spend less. Smile more/input_field-keywords'

01-02-2024T23:06:05 - [MESSAGE][PASSED] - Text 'Da vinci code' is set on object 'Object Repository/AmazonPages/Amazon_ValidateSearchFieldItem_OR/Page_Amazon.com. Spend less. Smile more/input_field-keywords'

01-02-2024T23:06:05 - [TEST_STEP][PASSED] - click(findTestObject("Object Repository/AmazonPages/Amazon_ValidateSearchFieldItem_OR/Page_Amazon.com. Spend less. Smile more/inputnav-search-submit-button")): Object: 'Object Repository/AmazonPages/Amazon_ValidateSearchFieldItem_OR/Page_Amazon.com. Spend less. Smile more/inputnav-search-submit-button' is clicked on

01-02-2024T23:06:15 - [MESSAGE][PASSED] - Object: 'Object Repository/AmazonPages/Amazon_ValidateSearchFieldItem_OR/Page_Amazon.com. Spend less. Smile more/inputnav-search-submit-button' is clicked on

01-02-2024T23:06:15 - [TEST_STEP][PASSED] - verifyElementPresent(findTestObject("Object Repository/AmazonPages/Amazon_ValidateSearchFieldItem_OR/Page_Amazon.com  Da vinci code/span_Da vinci code"), 0): Object 'Object Repository/AmazonPages/Amazon_ValidateSearchFieldItem_OR/Page_Amazon.com  Da vinci code/span_Da vinci code' is present

01-02-2024T23:06:15 - [MESSAGE][WARNING] - Timeout '0' is invalid. Using default page load timeout: '30'

01-02-2024T23:06:18 - [MESSAGE][PASSED] - Object 'Object Repository/AmazonPages/Amazon_ValidateSearchFieldItem_OR/Page_Amazon.com  Da vinci code/span_Da vinci code' is present]]></system-out>
         <system-err><![CDATA[]]></system-err>
      </testcase>
      <testcase name="Test Cases/Data_Driven_Testing/TC_Amazon_ValidateSearchFieldItem_003" time="29.756" classname="Test Cases/Data_Driven_Testing/TC_Amazon_ValidateSearchFieldItem_003" status="PASSED">
         <system-out><![CDATA[01-02-2024T23:06:18 - [TEST_CASE][PASSED] - Test Cases/Data_Driven_Testing/TC_Amazon_ValidateSearchFieldItem_003: Test Cases/Data_Driven_Testing/TC_Amazon_ValidateSearchFieldItem_003

01-02-2024T23:06:18 - [TEST_STEP][PASSED] - Start listener action : sampleBeforeTestCase: Current window maximized

01-02-2024T23:06:18 - [TEST_STEP][PASSED] - navigateToUrl(URL): Navigate to 'https://www.amazon.com/' successfully

01-02-2024T23:06:26 - [MESSAGE][PASSED] - Navigate to 'https://www.amazon.com/' successfully

01-02-2024T23:06:26 - [TEST_STEP][PASSED] - maximizeWindow(): Current window maximized

01-02-2024T23:06:26 - [MESSAGE][PASSED] - Current window maximized

01-02-2024T23:06:26 - [TEST_STEP][PASSED] - selectOptionByLabel(findTestObject("Object Repository/AmazonPages/Amazon_ValidateSearchFieldItem_OR/Page_Amazon.com. Spend less. Smile more/select_All Departments        Arts  Crafts _135c92"), category, true): All options with label 'Electronics' are selected in object 'Object Repository/AmazonPages/Amazon_ValidateSearchFieldItem_OR/Page_Amazon.com. Spend less. Smile more/select_All Departments        Arts  Crafts _135c92'  using regular expression

01-02-2024T23:06:31 - [MESSAGE][PASSED] - All options with label 'Electronics' are selected in object 'Object Repository/AmazonPages/Amazon_ValidateSearchFieldItem_OR/Page_Amazon.com. Spend less. Smile more/select_All Departments        Arts  Crafts _135c92'  using regular expression

01-02-2024T23:06:31 - [TEST_STEP][PASSED] - setText(findTestObject("Object Repository/AmazonPages/Amazon_ValidateSearchFieldItem_OR/Page_Amazon.com. Spend less. Smile more/input_field-keywords"), item): Text 'Mobile phones' is set on object 'Object Repository/AmazonPages/Amazon_ValidateSearchFieldItem_OR/Page_Amazon.com. Spend less. Smile more/input_field-keywords'

01-02-2024T23:06:34 - [MESSAGE][PASSED] - Text 'Mobile phones' is set on object 'Object Repository/AmazonPages/Amazon_ValidateSearchFieldItem_OR/Page_Amazon.com. Spend less. Smile more/input_field-keywords'

01-02-2024T23:06:34 - [TEST_STEP][PASSED] - click(findTestObject("Object Repository/AmazonPages/Amazon_ValidateSearchFieldItem_OR/Page_Amazon.com. Spend less. Smile more/inputnav-search-submit-button")): Object: 'Object Repository/AmazonPages/Amazon_ValidateSearchFieldItem_OR/Page_Amazon.com. Spend less. Smile more/inputnav-search-submit-button' is clicked on

01-02-2024T23:06:44 - [MESSAGE][PASSED] - Object: 'Object Repository/AmazonPages/Amazon_ValidateSearchFieldItem_OR/Page_Amazon.com. Spend less. Smile more/inputnav-search-submit-button' is clicked on

01-02-2024T23:06:44 - [TEST_STEP][PASSED] - verifyElementPresent(findTestObject("Object Repository/AmazonPages/Amazon_ValidateSearchFieldItem_OR/Page_Amazon.com  Da vinci code/span_Da vinci code"), 0): Object 'Object Repository/AmazonPages/Amazon_ValidateSearchFieldItem_OR/Page_Amazon.com  Da vinci code/span_Da vinci code' is present

01-02-2024T23:06:44 - [MESSAGE][WARNING] - Timeout '0' is invalid. Using default page load timeout: '30'

01-02-2024T23:06:48 - [MESSAGE][PASSED] - Object 'Object Repository/AmazonPages/Amazon_ValidateSearchFieldItem_OR/Page_Amazon.com  Da vinci code/span_Da vinci code' is present]]></system-out>
         <system-err><![CDATA[]]></system-err>
      </testcase>
      <testcase name="Test Cases/Data_Driven_Testing/TC_Amazon_ValidateSearchFieldItem_003" time="47.705" classname="Test Cases/Data_Driven_Testing/TC_Amazon_ValidateSearchFieldItem_003" status="PASSED">
         <system-out><![CDATA[01-02-2024T23:06:48 - [TEST_CASE][PASSED] - Test Cases/Data_Driven_Testing/TC_Amazon_ValidateSearchFieldItem_003: Test Cases/Data_Driven_Testing/TC_Amazon_ValidateSearchFieldItem_003

01-02-2024T23:06:48 - [TEST_STEP][PASSED] - Start listener action : sampleBeforeTestCase: Current window maximized

01-02-2024T23:06:48 - [TEST_STEP][PASSED] - navigateToUrl(URL): Navigate to 'https://www.amazon.com/' successfully

01-02-2024T23:06:50 - [MESSAGE][PASSED] - Navigate to 'https://www.amazon.com/' successfully

01-02-2024T23:06:50 - [TEST_STEP][PASSED] - maximizeWindow(): Current window maximized

01-02-2024T23:06:50 - [MESSAGE][PASSED] - Current window maximized

01-02-2024T23:06:50 - [TEST_STEP][PASSED] - selectOptionByLabel(findTestObject("Object Repository/AmazonPages/Amazon_ValidateSearchFieldItem_OR/Page_Amazon.com. Spend less. Smile more/select_All Departments        Arts  Crafts _135c92"), category, true): All options with label 'Home & Kitchen' are selected in object 'Object Repository/AmazonPages/Amazon_ValidateSearchFieldItem_OR/Page_Amazon.com. Spend less. Smile more/select_All Departments        Arts  Crafts _135c92'  using regular expression

01-02-2024T23:07:04 - [MESSAGE][PASSED] - All options with label 'Home & Kitchen' are selected in object 'Object Repository/AmazonPages/Amazon_ValidateSearchFieldItem_OR/Page_Amazon.com. Spend less. Smile more/select_All Departments        Arts  Crafts _135c92'  using regular expression

01-02-2024T23:07:04 - [TEST_STEP][PASSED] - setText(findTestObject("Object Repository/AmazonPages/Amazon_ValidateSearchFieldItem_OR/Page_Amazon.com. Spend less. Smile more/input_field-keywords"), item): Text 'Wooden tables' is set on object 'Object Repository/AmazonPages/Amazon_ValidateSearchFieldItem_OR/Page_Amazon.com. Spend less. Smile more/input_field-keywords'

01-02-2024T23:07:09 - [MESSAGE][PASSED] - Text 'Wooden tables' is set on object 'Object Repository/AmazonPages/Amazon_ValidateSearchFieldItem_OR/Page_Amazon.com. Spend less. Smile more/input_field-keywords'

01-02-2024T23:07:09 - [TEST_STEP][PASSED] - click(findTestObject("Object Repository/AmazonPages/Amazon_ValidateSearchFieldItem_OR/Page_Amazon.com. Spend less. Smile more/inputnav-search-submit-button")): Object: 'Object Repository/AmazonPages/Amazon_ValidateSearchFieldItem_OR/Page_Amazon.com. Spend less. Smile more/inputnav-search-submit-button' is clicked on

01-02-2024T23:07:31 - [MESSAGE][PASSED] - Object: 'Object Repository/AmazonPages/Amazon_ValidateSearchFieldItem_OR/Page_Amazon.com. Spend less. Smile more/inputnav-search-submit-button' is clicked on

01-02-2024T23:07:31 - [TEST_STEP][PASSED] - verifyElementPresent(findTestObject("Object Repository/AmazonPages/Amazon_ValidateSearchFieldItem_OR/Page_Amazon.com  Da vinci code/span_Da vinci code"), 0): Object 'Object Repository/AmazonPages/Amazon_ValidateSearchFieldItem_OR/Page_Amazon.com  Da vinci code/span_Da vinci code' is present

01-02-2024T23:07:32 - [MESSAGE][WARNING] - Timeout '0' is invalid. Using default page load timeout: '30'

01-02-2024T23:07:35 - [MESSAGE][PASSED] - Object 'Object Repository/AmazonPages/Amazon_ValidateSearchFieldItem_OR/Page_Amazon.com  Da vinci code/span_Da vinci code' is present]]></system-out>
         <system-err><![CDATA[]]></system-err>
      </testcase>
      <system-out><![CDATA[01-02-2024T23:05:28 - [TEST_SUITE][PASSED] - Amazon_TestSuite_ValidateSearchFieldItem_003: Test Cases/Data_Driven_Testing/TC_Amazon_ValidateSearchFieldItem_003]]></system-out>
      <system-err><![CDATA[]]></system-err>
   </testsuite>
</testsuites>
