<?xml version="1.0" encoding="UTF-8"?>
<testsuites name="Amazon_TestSuite_ValidateSearchFieldItem_003" time="90.719" tests="3" failures="0" errors="0">
   <testsuite name="Amazon_TestSuite_ValidateSearchFieldItem_003" tests="3" failures="0" errors="0" time="90.719" skipped="0" timestamp="01-02-2024T23:02:55" hostname="Sameena Shaik - LAPTOP-GSKQBBMU" id="Test Suites/Amazon_TestSuite/Amazon_TestSuite_ValidateSearchFieldItem_003">
      <properties>
         <property name="deviceName" value=""/>
         <property name="devicePlatform" value=""/>
         <property name="logFolder" value="C:\\Users\\Sameena Shaik\\git\\Katalon-Automation-Testing-SB-Project\\Reports\\20240201_230249\\Amazon_TestSuite\\Amazon_TestSuite_ValidateSearchFieldItem_003\\20240201_230249"/>
         <property name="logFiles" value="C:\\Users\\Sameena Shaik\\git\\Katalon-Automation-Testing-SB-Project\\Reports\\20240201_230249\\Amazon_TestSuite\\Amazon_TestSuite_ValidateSearchFieldItem_003\\20240201_230249\\execution0.log"/>
         <property name="attachments" value=""/>
         <property name="hostName" value="Sameena Shaik - LAPTOP-GSKQBBMU"/>
         <property name="os" value="Windows 11 64bit"/>
         <property name="katalonVersion" value="9.2.0.212"/>
         <property name="browser" value="Chrome 121.0.0.0"/>
         <property name="hostAddress" value="192.168.1.8"/>
         <property name="sessionId" value="105af490e0f810c4c774812419fa6518"/>
         <property name="seleniumVersion" value="3.141.59"/>
         <property name="proxyInformation" value="ProxyInformation { proxyOption=NO_PROXY, proxyServerType=HTTP, username=, password=********, proxyServerAddress=, proxyServerPort=0, executionList=&quot;&quot;, isApplyToDesiredCapabilities=true }"/>
         <property name="platform" value="Windows 11"/>
      </properties>
      <testcase name="Test Cases/Data_Driven_Testing/TC_Amazon_ValidateSearchFieldItem_003" time="45.052" classname="Test Cases/Data_Driven_Testing/TC_Amazon_ValidateSearchFieldItem_003" status="PASSED">
         <system-out><![CDATA[01-02-2024T23:02:58 - [TEST_CASE][PASSED] - Test Cases/Data_Driven_Testing/TC_Amazon_ValidateSearchFieldItem_003: Test Cases/Data_Driven_Testing/TC_Amazon_ValidateSearchFieldItem_003

01-02-2024T23:02:58 - [TEST_STEP][PASSED] - Start listener action : sampleBeforeTestCase: Current window maximized

01-02-2024T23:02:58 - [TEST_STEP][PASSED] - navigateToUrl(URL): Navigate to 'https://www.amazon.com/' successfully

01-02-2024T23:03:01 - [MESSAGE][PASSED] - Navigate to 'https://www.amazon.com/' successfully

01-02-2024T23:03:01 - [TEST_STEP][PASSED] - maximizeWindow(): Current window maximized

01-02-2024T23:03:02 - [MESSAGE][PASSED] - Current window maximized

01-02-2024T23:03:02 - [TEST_STEP][PASSED] - selectOptionByLabel(findTestObject("Object Repository/AmazonPages/Amazon_ValidateSearchFieldItem_OR/Page_Amazon.com. Spend less. Smile more/select_All Departments        Arts  Crafts _135c92"), category, true): All options with label 'Books' are selected in object 'Object Repository/AmazonPages/Amazon_ValidateSearchFieldItem_OR/Page_Amazon.com. Spend less. Smile more/select_All Departments        Arts  Crafts _135c92'  using regular expression

01-02-2024T23:03:24 - [MESSAGE][PASSED] - All options with label 'Books' are selected in object 'Object Repository/AmazonPages/Amazon_ValidateSearchFieldItem_OR/Page_Amazon.com. Spend less. Smile more/select_All Departments        Arts  Crafts _135c92'  using regular expression

01-02-2024T23:03:24 - [TEST_STEP][PASSED] - setText(findTestObject("Object Repository/AmazonPages/Amazon_ValidateSearchFieldItem_OR/Page_Amazon.com. Spend less. Smile more/input_field-keywords"), item): Text 'Da vinci code' is set on object 'Object Repository/AmazonPages/Amazon_ValidateSearchFieldItem_OR/Page_Amazon.com. Spend less. Smile more/input_field-keywords'

01-02-2024T23:03:25 - [MESSAGE][PASSED] - Text 'Da vinci code' is set on object 'Object Repository/AmazonPages/Amazon_ValidateSearchFieldItem_OR/Page_Amazon.com. Spend less. Smile more/input_field-keywords'

01-02-2024T23:03:25 - [TEST_STEP][PASSED] - click(findTestObject("Object Repository/AmazonPages/Amazon_ValidateSearchFieldItem_OR/Page_Amazon.com. Spend less. Smile more/inputnav-search-submit-button")): Object: 'Object Repository/AmazonPages/Amazon_ValidateSearchFieldItem_OR/Page_Amazon.com. Spend less. Smile more/inputnav-search-submit-button' is clicked on

01-02-2024T23:03:39 - [MESSAGE][PASSED] - Object: 'Object Repository/AmazonPages/Amazon_ValidateSearchFieldItem_OR/Page_Amazon.com. Spend less. Smile more/inputnav-search-submit-button' is clicked on

01-02-2024T23:03:39 - [TEST_STEP][PASSED] - verifyElementPresent(findTestObject("Object Repository/AmazonPages/Amazon_ValidateSearchFieldItem_OR/Page_Amazon.com  Da vinci code/span_Da vinci code"), 0): Object 'Object Repository/AmazonPages/Amazon_ValidateSearchFieldItem_OR/Page_Amazon.com  Da vinci code/span_Da vinci code' is present

01-02-2024T23:03:39 - [MESSAGE][WARNING] - Timeout '0' is invalid. Using default page load timeout: '30'

01-02-2024T23:03:43 - [MESSAGE][PASSED] - Object 'Object Repository/AmazonPages/Amazon_ValidateSearchFieldItem_OR/Page_Amazon.com  Da vinci code/span_Da vinci code' is present]]></system-out>
         <system-err><![CDATA[]]></system-err>
      </testcase>
      <testcase name="Test Cases/Data_Driven_Testing/TC_Amazon_ValidateSearchFieldItem_003" time="32.121" classname="Test Cases/Data_Driven_Testing/TC_Amazon_ValidateSearchFieldItem_003" status="PASSED">
         <system-out><![CDATA[01-02-2024T23:03:43 - [TEST_CASE][PASSED] - Test Cases/Data_Driven_Testing/TC_Amazon_ValidateSearchFieldItem_003: Test Cases/Data_Driven_Testing/TC_Amazon_ValidateSearchFieldItem_003

01-02-2024T23:03:43 - [TEST_STEP][PASSED] - Start listener action : sampleBeforeTestCase: Current window maximized

01-02-2024T23:03:43 - [TEST_STEP][PASSED] - navigateToUrl(URL): Navigate to 'https://www.amazon.com/' successfully

01-02-2024T23:03:55 - [MESSAGE][PASSED] - Navigate to 'https://www.amazon.com/' successfully

01-02-2024T23:03:55 - [TEST_STEP][PASSED] - maximizeWindow(): Current window maximized

01-02-2024T23:03:55 - [MESSAGE][PASSED] - Current window maximized

01-02-2024T23:03:55 - [TEST_STEP][PASSED] - selectOptionByLabel(findTestObject("Object Repository/AmazonPages/Amazon_ValidateSearchFieldItem_OR/Page_Amazon.com. Spend less. Smile more/select_All Departments        Arts  Crafts _135c92"), category, true): All options with label 'Electronics' are selected in object 'Object Repository/AmazonPages/Amazon_ValidateSearchFieldItem_OR/Page_Amazon.com. Spend less. Smile more/select_All Departments        Arts  Crafts _135c92'  using regular expression

01-02-2024T23:03:58 - [MESSAGE][PASSED] - All options with label 'Electronics' are selected in object 'Object Repository/AmazonPages/Amazon_ValidateSearchFieldItem_OR/Page_Amazon.com. Spend less. Smile more/select_All Departments        Arts  Crafts _135c92'  using regular expression

01-02-2024T23:03:58 - [TEST_STEP][PASSED] - setText(findTestObject("Object Repository/AmazonPages/Amazon_ValidateSearchFieldItem_OR/Page_Amazon.com. Spend less. Smile more/input_field-keywords"), item): Text 'Mobile phones' is set on object 'Object Repository/AmazonPages/Amazon_ValidateSearchFieldItem_OR/Page_Amazon.com. Spend less. Smile more/input_field-keywords'

01-02-2024T23:03:58 - [MESSAGE][PASSED] - Text 'Mobile phones' is set on object 'Object Repository/AmazonPages/Amazon_ValidateSearchFieldItem_OR/Page_Amazon.com. Spend less. Smile more/input_field-keywords'

01-02-2024T23:03:58 - [TEST_STEP][PASSED] - click(findTestObject("Object Repository/AmazonPages/Amazon_ValidateSearchFieldItem_OR/Page_Amazon.com. Spend less. Smile more/inputnav-search-submit-button")): Object: 'Object Repository/AmazonPages/Amazon_ValidateSearchFieldItem_OR/Page_Amazon.com. Spend less. Smile more/inputnav-search-submit-button' is clicked on

01-02-2024T23:04:11 - [MESSAGE][PASSED] - Object: 'Object Repository/AmazonPages/Amazon_ValidateSearchFieldItem_OR/Page_Amazon.com. Spend less. Smile more/inputnav-search-submit-button' is clicked on

01-02-2024T23:04:11 - [TEST_STEP][PASSED] - verifyElementPresent(findTestObject("Object Repository/AmazonPages/Amazon_ValidateSearchFieldItem_OR/Page_Amazon.com  Da vinci code/span_Da vinci code"), 0): Object 'Object Repository/AmazonPages/Amazon_ValidateSearchFieldItem_OR/Page_Amazon.com  Da vinci code/span_Da vinci code' is present

01-02-2024T23:04:11 - [MESSAGE][WARNING] - Timeout '0' is invalid. Using default page load timeout: '30'

01-02-2024T23:04:15 - [MESSAGE][PASSED] - Object 'Object Repository/AmazonPages/Amazon_ValidateSearchFieldItem_OR/Page_Amazon.com  Da vinci code/span_Da vinci code' is present]]></system-out>
         <system-err><![CDATA[]]></system-err>
      </testcase>
      <testcase name="Test Cases/Data_Driven_Testing/TC_Amazon_ValidateSearchFieldItem_003" time="10.415" classname="Test Cases/Data_Driven_Testing/TC_Amazon_ValidateSearchFieldItem_003" status="PASSED">
         <system-out><![CDATA[01-02-2024T23:04:15 - [TEST_CASE][PASSED] - Test Cases/Data_Driven_Testing/TC_Amazon_ValidateSearchFieldItem_003: Test Cases/Data_Driven_Testing/TC_Amazon_ValidateSearchFieldItem_003

01-02-2024T23:04:15 - [TEST_STEP][PASSED] - Start listener action : sampleBeforeTestCase: Current window maximized

01-02-2024T23:04:15 - [TEST_STEP][PASSED] - navigateToUrl(URL): Navigate to 'https://www.amazon.com/' successfully

01-02-2024T23:04:17 - [MESSAGE][PASSED] - Navigate to 'https://www.amazon.com/' successfully

01-02-2024T23:04:17 - [TEST_STEP][PASSED] - maximizeWindow(): Current window maximized

01-02-2024T23:04:17 - [MESSAGE][PASSED] - Current window maximized

01-02-2024T23:04:17 - [TEST_STEP][PASSED] - selectOptionByLabel(findTestObject("Object Repository/AmazonPages/Amazon_ValidateSearchFieldItem_OR/Page_Amazon.com. Spend less. Smile more/select_All Departments        Arts  Crafts _135c92"), category, true): All options with label 'Home & Kitchen' are selected in object 'Object Repository/AmazonPages/Amazon_ValidateSearchFieldItem_OR/Page_Amazon.com. Spend less. Smile more/select_All Departments        Arts  Crafts _135c92'  using regular expression

01-02-2024T23:04:19 - [MESSAGE][PASSED] - All options with label 'Home & Kitchen' are selected in object 'Object Repository/AmazonPages/Amazon_ValidateSearchFieldItem_OR/Page_Amazon.com. Spend less. Smile more/select_All Departments        Arts  Crafts _135c92'  using regular expression

01-02-2024T23:04:19 - [TEST_STEP][PASSED] - setText(findTestObject("Object Repository/AmazonPages/Amazon_ValidateSearchFieldItem_OR/Page_Amazon.com. Spend less. Smile more/input_field-keywords"), item): Text 'Wooden tables' is set on object 'Object Repository/AmazonPages/Amazon_ValidateSearchFieldItem_OR/Page_Amazon.com. Spend less. Smile more/input_field-keywords'

01-02-2024T23:04:20 - [MESSAGE][PASSED] - Text 'Wooden tables' is set on object 'Object Repository/AmazonPages/Amazon_ValidateSearchFieldItem_OR/Page_Amazon.com. Spend less. Smile more/input_field-keywords'

01-02-2024T23:04:20 - [TEST_STEP][PASSED] - click(findTestObject("Object Repository/AmazonPages/Amazon_ValidateSearchFieldItem_OR/Page_Amazon.com. Spend less. Smile more/inputnav-search-submit-button")): Object: 'Object Repository/AmazonPages/Amazon_ValidateSearchFieldItem_OR/Page_Amazon.com. Spend less. Smile more/inputnav-search-submit-button' is clicked on

01-02-2024T23:04:25 - [MESSAGE][PASSED] - Object: 'Object Repository/AmazonPages/Amazon_ValidateSearchFieldItem_OR/Page_Amazon.com. Spend less. Smile more/inputnav-search-submit-button' is clicked on

01-02-2024T23:04:25 - [TEST_STEP][PASSED] - verifyElementPresent(findTestObject("Object Repository/AmazonPages/Amazon_ValidateSearchFieldItem_OR/Page_Amazon.com  Da vinci code/span_Da vinci code"), 0): Object 'Object Repository/AmazonPages/Amazon_ValidateSearchFieldItem_OR/Page_Amazon.com  Da vinci code/span_Da vinci code' is present

01-02-2024T23:04:25 - [MESSAGE][WARNING] - Timeout '0' is invalid. Using default page load timeout: '30'

01-02-2024T23:04:26 - [MESSAGE][PASSED] - Object 'Object Repository/AmazonPages/Amazon_ValidateSearchFieldItem_OR/Page_Amazon.com  Da vinci code/span_Da vinci code' is present]]></system-out>
         <system-err><![CDATA[]]></system-err>
      </testcase>
      <system-out><![CDATA[01-02-2024T23:02:55 - [TEST_SUITE][PASSED] - Amazon_TestSuite_ValidateSearchFieldItem_003: Test Cases/Data_Driven_Testing/TC_Amazon_ValidateSearchFieldItem_003]]></system-out>
      <system-err><![CDATA[]]></system-err>
   </testsuite>
</testsuites>
