<?xml version="1.0" encoding="UTF-8"?>
<testsuites name="Amazon_TestSuite_ValidateItemPrice(Manual)_006" time="47.681" tests="1" failures="0" errors="0">
   <testsuite name="Amazon_TestSuite_ValidateItemPrice(Manual)_006" tests="1" failures="0" errors="0" time="47.681" skipped="0" timestamp="02-02-2024T21:17:36" hostname="Sameena Shaik - LAPTOP-GSKQBBMU" id="Test Suites/Amazon_TestSuite/Amazon_TestSuite_ValidateItemPrice(Manual)_006">
      <properties>
         <property name="deviceName" value=""/>
         <property name="devicePlatform" value=""/>
         <property name="logFolder" value="C:\\Users\\Sameena Shaik\\git\\Katalon-Automation-Testing-SB-Project\\Reports\\20240202_211730\\Amazon_TestSuite\\Amazon_TestSuite_ValidateItemPrice(Manual)_006\\20240202_211730"/>
         <property name="logFiles" value="C:\\Users\\Sameena Shaik\\git\\Katalon-Automation-Testing-SB-Project\\Reports\\20240202_211730\\Amazon_TestSuite\\Amazon_TestSuite_ValidateItemPrice(Manual)_006\\20240202_211730\\execution0.log"/>
         <property name="attachments" value=""/>
         <property name="hostName" value="Sameena Shaik - LAPTOP-GSKQBBMU"/>
         <property name="os" value="Windows 11 64bit"/>
         <property name="katalonVersion" value="9.2.0.212"/>
         <property name="browser" value="Chrome 121.0.0.0"/>
         <property name="hostAddress" value="192.168.1.8"/>
         <property name="sessionId" value="294ba4498216a9deb72ca55b98d1386e"/>
         <property name="seleniumVersion" value="3.141.59"/>
         <property name="proxyInformation" value="ProxyInformation { proxyOption=NO_PROXY, proxyServerType=HTTP, username=, password=********, proxyServerAddress=, proxyServerPort=0, executionList=&quot;&quot;, isApplyToDesiredCapabilities=true }"/>
         <property name="platform" value="Windows 11"/>
      </properties>
      <testcase name="Test Cases/Recording_Modes/TC_Amazon_ValidateItemPrice(Manual)_006" time="44.946" classname="Test Cases/Recording_Modes/TC_Amazon_ValidateItemPrice(Manual)_006" status="PASSED">
         <system-out><![CDATA[02-02-2024T21:17:39 - [TEST_CASE][PASSED] - Test Cases/Recording_Modes/TC_Amazon_ValidateItemPrice(Manual)_006: Test Cases/Recording_Modes/TC_Amazon_ValidateItemPrice(Manual)_006

02-02-2024T21:17:39 - [TEST_STEP][PASSED] - Start listener action : sampleBeforeTestCase: Current window maximized

02-02-2024T21:17:39 - [TEST_STEP][PASSED] - navigateToUrl(URL): Navigate to 'https://www.amazon.com/' successfully

02-02-2024T21:17:41 - [MESSAGE][PASSED] - Navigate to 'https://www.amazon.com/' successfully

02-02-2024T21:17:41 - [TEST_STEP][PASSED] - maximizeWindow(): Current window maximized

02-02-2024T21:17:45 - [MESSAGE][PASSED] - Current window maximized

02-02-2024T21:17:45 - [TEST_STEP][PASSED] - setText(findTestObject("Object Repository/AmazonPages/Amazon_ValidateItemPriceElement(Manual)_OR/Page_Amazon.com. Spend less. Smile more/input_field-keywords"), item): Text 'samsung galaxy a54 5g phone' is set on object 'Object Repository/AmazonPages/Amazon_ValidateItemPriceElement(Manual)_OR/Page_Amazon.com. Spend less. Smile more/input_field-keywords'

02-02-2024T21:17:54 - [MESSAGE][PASSED] - Text 'samsung galaxy a54 5g phone' is set on object 'Object Repository/AmazonPages/Amazon_ValidateItemPriceElement(Manual)_OR/Page_Amazon.com. Spend less. Smile more/input_field-keywords'

02-02-2024T21:17:54 - [TEST_STEP][PASSED] - click(findTestObject("Object Repository/AmazonPages/Amazon_ValidateItemPriceElement(Manual)_OR/Page_Amazon.com. Spend less. Smile more/inputnav-search-submit-button")): Object: 'Object Repository/AmazonPages/Amazon_ValidateItemPriceElement(Manual)_OR/Page_Amazon.com. Spend less. Smile more/inputnav-search-submit-button' is clicked on

02-02-2024T21:18:04 - [MESSAGE][PASSED] - Object: 'Object Repository/AmazonPages/Amazon_ValidateItemPriceElement(Manual)_OR/Page_Amazon.com. Spend less. Smile more/inputnav-search-submit-button' is clicked on

02-02-2024T21:18:04 - [TEST_STEP][PASSED] - click(findTestObject("Object Repository/AmazonPages/Amazon_ValidateItemPriceElement(Manual)_OR/Page_Amazon.com  samsung galaxy a54 5g phone/span_SAMSUNG Galaxy A54 5G A Series Cell Ph_6b2531")): Object: 'Object Repository/AmazonPages/Amazon_ValidateItemPriceElement(Manual)_OR/Page_Amazon.com  samsung galaxy a54 5g phone/span_SAMSUNG Galaxy A54 5G A Series Cell Ph_6b2531' is clicked on

02-02-2024T21:18:21 - [MESSAGE][PASSED] - Object: 'Object Repository/AmazonPages/Amazon_ValidateItemPriceElement(Manual)_OR/Page_Amazon.com  samsung galaxy a54 5g phone/span_SAMSUNG Galaxy A54 5G A Series Cell Ph_6b2531' is clicked on

02-02-2024T21:18:21 - [TEST_STEP][PASSED] - verifyElementPresent(findTestObject("Object Repository/AmazonPages/Amazon_ValidateItemPriceElement(Manual)_OR/Page_Amazon.com SAMSUNG Galaxy A54 5G A Ser_1bc85d/span_449.99"), 0): Object 'Object Repository/AmazonPages/Amazon_ValidateItemPriceElement(Manual)_OR/Page_Amazon.com SAMSUNG Galaxy A54 5G A Ser_1bc85d/span_449.99' is present

02-02-2024T21:18:21 - [MESSAGE][WARNING] - Timeout '0' is invalid. Using default page load timeout: '30'

02-02-2024T21:18:24 - [MESSAGE][PASSED] - Object 'Object Repository/AmazonPages/Amazon_ValidateItemPriceElement(Manual)_OR/Page_Amazon.com SAMSUNG Galaxy A54 5G A Ser_1bc85d/span_449.99' is present]]></system-out>
         <system-err><![CDATA[]]></system-err>
      </testcase>
      <system-out><![CDATA[02-02-2024T21:17:36 - [TEST_SUITE][PASSED] - Amazon_TestSuite_ValidateItemPrice(Manual)_006: Test Cases/Recording_Modes/TC_Amazon_ValidateItemPrice(Manual)_006]]></system-out>
      <system-err><![CDATA[]]></system-err>
   </testsuite>
</testsuites>
