<?xml version="1.0" encoding="UTF-8"?>
<testsuites name="Amazon_TestSuite_ValidateCart_009" time="28.95" tests="1" failures="0" errors="0">
   <testsuite name="Amazon_TestSuite_ValidateCart_009" tests="1" failures="0" errors="0" time="28.95" skipped="0" timestamp="07-02-2024T13:31:48" hostname="Sameena Shaik - LAPTOP-GSKQBBMU" id="Test Suites/Amazon_TestSuite/Amazon_TestSuite_ValidateCart_009">
      <properties>
         <property name="deviceName" value=""/>
         <property name="devicePlatform" value=""/>
         <property name="logFolder" value="C:\\Users\\Sameena Shaik\\git\\Katalon-Automation-Testing-SB-Project\\Reports\\20240207_133135\\Amazon_TestSuite\\Amazon_TestSuite_ValidateCart_009\\20240207_133138"/>
         <property name="logFiles" value="C:\\Users\\Sameena Shaik\\git\\Katalon-Automation-Testing-SB-Project\\Reports\\20240207_133135\\Amazon_TestSuite\\Amazon_TestSuite_ValidateCart_009\\20240207_133138\\execution0.log"/>
         <property name="attachments" value=""/>
         <property name="hostName" value="Sameena Shaik - LAPTOP-GSKQBBMU"/>
         <property name="os" value="Windows 11 64bit"/>
         <property name="katalonVersion" value="9.2.0.212"/>
         <property name="browser" value="Edge Chromium 121"/>
         <property name="hostAddress" value="192.168.1.8"/>
         <property name="sessionId" value="1dcf0ed14112083934bc6090a3f238bd"/>
         <property name="seleniumVersion" value="3.141.59"/>
         <property name="proxyInformation" value="ProxyInformation { proxyOption=NO_PROXY, proxyServerType=HTTP, username=, password=********, proxyServerAddress=, proxyServerPort=0, executionList=&quot;&quot;, isApplyToDesiredCapabilities=true }"/>
         <property name="platform" value="Windows 11"/>
      </properties>
      <testcase name="Test Cases/Checkpoints/TC_Amazon_ValidateCart_009" time="24.599" classname="Test Cases/Checkpoints/TC_Amazon_ValidateCart_009" status="PASSED">
         <system-out><![CDATA[07-02-2024T13:31:52 - [TEST_CASE][PASSED] - Test Cases/Checkpoints/TC_Amazon_ValidateCart_009: Test Cases/Checkpoints/TC_Amazon_ValidateCart_009

07-02-2024T13:31:52 - [TEST_STEP][PASSED] - Start listener action : sampleBeforeTestCase: Object: 'Object Repository/AmazonPages/Amazon_ValidateAddtoCart(Record)_OR/Page_Amazon Sign-In/inputsignInSubmit' is clicked on

07-02-2024T13:31:52 - [TEST_STEP][PASSED] - navigateToUrl(URL): Navigate to 'https://www.amazon.com/' successfully

07-02-2024T13:31:55 - [MESSAGE][PASSED] - Navigate to 'https://www.amazon.com/' successfully

07-02-2024T13:31:55 - [TEST_STEP][PASSED] - maximizeWindow(): Current window maximized

07-02-2024T13:31:55 - [MESSAGE][PASSED] - Current window maximized

07-02-2024T13:31:55 - [TEST_STEP][PASSED] - click(findTestObject("Object Repository/AmazonPages/Amazon_ValidateAddtoCart(Record)_OR/Page_Amazon.com. Spend less. Smile more/span_Hello, sign in")): Object: 'Object Repository/AmazonPages/Amazon_ValidateAddtoCart(Record)_OR/Page_Amazon.com. Spend less. Smile more/span_Hello, sign in' is clicked on

07-02-2024T13:31:59 - [MESSAGE][PASSED] - Object: 'Object Repository/AmazonPages/Amazon_ValidateAddtoCart(Record)_OR/Page_Amazon.com. Spend less. Smile more/span_Hello, sign in' is clicked on

07-02-2024T13:31:59 - [TEST_STEP][PASSED] - setText(findTestObject("Object Repository/AmazonPages/Amazon_ValidateAddtoCart(Record)_OR/Page_Amazon Sign-In/input_email"), "8688410244"): Text '8688410244' is set on object 'Object Repository/AmazonPages/Amazon_ValidateAddtoCart(Record)_OR/Page_Amazon Sign-In/input_email'

07-02-2024T13:32:00 - [MESSAGE][PASSED] - Text '8688410244' is set on object 'Object Repository/AmazonPages/Amazon_ValidateAddtoCart(Record)_OR/Page_Amazon Sign-In/input_email'

07-02-2024T13:32:00 - [TEST_STEP][PASSED] - click(findTestObject("Object Repository/AmazonPages/Amazon_ValidateAddtoCart(Record)_OR/Page_Amazon Sign-In/inputcontinue")): Object: 'Object Repository/AmazonPages/Amazon_ValidateAddtoCart(Record)_OR/Page_Amazon Sign-In/inputcontinue' is clicked on

07-02-2024T13:32:02 - [MESSAGE][PASSED] - Object: 'Object Repository/AmazonPages/Amazon_ValidateAddtoCart(Record)_OR/Page_Amazon Sign-In/inputcontinue' is clicked on

07-02-2024T13:32:02 - [TEST_STEP][PASSED] - setEncryptedText(findTestObject("Object Repository/AmazonPages/Amazon_ValidateAddtoCart(Record)_OR/Page_Amazon Sign-In/input_password"), "trwX9ClwwJzqcxxckJfIhw=="): Text ****** has been set on object 'Object Repository/AmazonPages/Amazon_ValidateAddtoCart(Record)_OR/Page_Amazon Sign-In/input_password'

07-02-2024T13:32:03 - [MESSAGE][PASSED] - Text ****** has been set on object 'Object Repository/AmazonPages/Amazon_ValidateAddtoCart(Record)_OR/Page_Amazon Sign-In/input_password'

07-02-2024T13:32:03 - [TEST_STEP][PASSED] - click(findTestObject("Object Repository/AmazonPages/Amazon_ValidateAddtoCart(Record)_OR/Page_Amazon Sign-In/inputsignInSubmit")): Object: 'Object Repository/AmazonPages/Amazon_ValidateAddtoCart(Record)_OR/Page_Amazon Sign-In/inputsignInSubmit' is clicked on

07-02-2024T13:32:04 - [MESSAGE][PASSED] - Object: 'Object Repository/AmazonPages/Amazon_ValidateAddtoCart(Record)_OR/Page_Amazon Sign-In/inputsignInSubmit' is clicked on

07-02-2024T13:32:04 - [TEST_STEP][PASSED] - verifyElementClickable(findTestObject("Object Repository/AmazonPages/Amazon_ValidateCart_OR/Page_Amazon.com. Spend less. Smile more/span_Cart")): Object 'Object Repository/AmazonPages/Amazon_ValidateCart_OR/Page_Amazon.com. Spend less. Smile more/span_Cart' is clickable

07-02-2024T13:32:09 - [MESSAGE][PASSED] - Object 'Object Repository/AmazonPages/Amazon_ValidateCart_OR/Page_Amazon.com. Spend less. Smile more/span_Cart' is clickable

07-02-2024T13:32:09 - [TEST_STEP][PASSED] - click(findTestObject("Object Repository/AmazonPages/Amazon_ValidateCart_OR/Page_Amazon.com. Spend less. Smile more/span_Cart")): Object: 'Object Repository/AmazonPages/Amazon_ValidateCart_OR/Page_Amazon.com. Spend less. Smile more/span_Cart' is clicked on

07-02-2024T13:32:11 - [MESSAGE][PASSED] - Object: 'Object Repository/AmazonPages/Amazon_ValidateCart_OR/Page_Amazon.com. Spend less. Smile more/span_Cart' is clicked on

07-02-2024T13:32:11 - [TEST_STEP][PASSED] - verifyCheckpoint(findCheckpoint("Checkpoints/Checkpoint_Amazon_CartPage"), false): Checkpoint data and Source data are matched

07-02-2024T13:32:11 - [MESSAGE][PASSED] - Checkpoint data and Source data are matched

07-02-2024T13:32:11 - [TEST_STEP][PASSED] - Start listener action : sampleAfterTestCase: Object: 'Object Repository/AmazonPages/Amazon_ValidateAddtoCart(Record)_OR/Page_Amazon.com Shopping Cart/a_Sign Out' is clicked on

07-02-2024T13:32:11 - [TEST_STEP][PASSED] - click(findTestObject("Object Repository/AmazonPages/Amazon_ValidateAddtoCart(Record)_OR/Page_Amazon.com Shopping Cart/a_All")): Object: 'Object Repository/AmazonPages/Amazon_ValidateAddtoCart(Record)_OR/Page_Amazon.com Shopping Cart/a_All' is clicked on

07-02-2024T13:32:14 - [MESSAGE][PASSED] - Object: 'Object Repository/AmazonPages/Amazon_ValidateAddtoCart(Record)_OR/Page_Amazon.com Shopping Cart/a_All' is clicked on

07-02-2024T13:32:14 - [TEST_STEP][PASSED] - click(findTestObject("Object Repository/AmazonPages/Amazon_ValidateAddtoCart(Record)_OR/Page_Amazon.com Shopping Cart/a_Sign Out")): Object: 'Object Repository/AmazonPages/Amazon_ValidateAddtoCart(Record)_OR/Page_Amazon.com Shopping Cart/a_Sign Out' is clicked on

07-02-2024T13:32:17 - [MESSAGE][PASSED] - Object: 'Object Repository/AmazonPages/Amazon_ValidateAddtoCart(Record)_OR/Page_Amazon.com Shopping Cart/a_Sign Out' is clicked on]]></system-out>
         <system-err><![CDATA[]]></system-err>
      </testcase>
      <system-out><![CDATA[07-02-2024T13:31:48 - [TEST_SUITE][PASSED] - Amazon_TestSuite_ValidateCart_009: Test Cases/Checkpoints/TC_Amazon_ValidateCart_009]]></system-out>
      <system-err><![CDATA[]]></system-err>
   </testsuite>
</testsuites>
